<?xml version="1.0" encoding="UTF-8" ?>
<testsuite tests="4" failures="0" name="com.dlri.chinacnr.bwts.dao.DetectionRecordDaoTest" time="0.25" errors="4" skipped="0">
  <properties>
[...]
</properties>
  <testcase classname="com.dlri.chinacnr.bwts.dao.DetectionRecordDaoTest" name="insertCallProcedureRecord" time="0.01">
    <error message="Type interface com.dlri.chinacnr.bwts.dao.DetectionRecordDao is not known to the MapperRegistry." type="org.apache.ibatis.binding.BindingException">org.apache.ibatis.binding.BindingException: Type interface com.dlri.chinacnr.bwts.dao.DetectionRecordDao is not known to the MapperRegistry.
	at org.apache.ibatis.binding.MapperRegistry.getMapper(MapperRegistry.java:47)
	at org.apache.ibatis.session.Configuration.getMapper(Configuration.java:745)
	at org.apache.ibatis.session.defaults.DefaultSqlSession.getMapper(DefaultSqlSession.java:292)
	at com.dlri.chinacnr.bwts.dao.DetectionRecordDaoTest.insertCallProcedureRecord(DetectionRecordDaoTest.java:65)
	at sun.reflect.NativeMethodAccessorImpl.invoke0(Native Method)
	at sun.reflect.NativeMethodAccessorImpl.invoke(NativeMethodAccessorImpl.java:62)
	at sun.reflect.DelegatingMethodAccessorImpl.invoke(DelegatingMethodAccessorImpl.java:43)
	at java.lang.reflect.Method.invoke(Method.java:498)
	at org.junit.runners.model.FrameworkMethod$1.runReflectiveCall(FrameworkMethod.java:50)
	at org.junit.internal.runners.model.ReflectiveCallable.run(ReflectiveCallable.java:12)
	at org.junit.runners.model.FrameworkMethod.invokeExplosively(FrameworkMethod.java:47)
	at org.junit.internal.runners.statements.InvokeMethod.evaluate(InvokeMethod.java:17)
	at org.junit.runners.ParentRunner.runLeaf(ParentRunner.java:325)
	at org.junit.runners.BlockJUnit4ClassRunner.runChild(BlockJUnit4ClassRunner.java:78)
	at org.junit.runners.BlockJUnit4ClassRunner.runChild(BlockJUnit4ClassRunner.java:57)
	at org.junit.runners.ParentRunner$3.run(ParentRunner.java:290)
	at org.junit.runners.ParentRunner$1.schedule(ParentRunner.java:71)
	at org.junit.runners.ParentRunner.runChildren(ParentRunner.java:288)
	at org.junit.runners.ParentRunner.access$000(ParentRunner.java:58)
	at org.junit.runners.ParentRunner$2.evaluate(ParentRunner.java:268)
	at org.junit.runners.ParentRunner.run(ParentRunner.java:363)
	at org.apache.maven.surefire.junit4.JUnit4Provider.execute(JUnit4Provider.java:252)
	at org.apache.maven.surefire.junit4.JUnit4Provider.executeTestSet(JUnit4Provider.java:141)
	at org.apache.maven.surefire.junit4.JUnit4Provider.invoke(JUnit4Provider.java:112)
	at sun.reflect.NativeMethodAccessorImpl.invoke0(Native Method)
	at sun.reflect.NativeMethodAccessorImpl.invoke(NativeMethodAccessorImpl.java:62)
	at sun.reflect.DelegatingMethodAccessorImpl.invoke(DelegatingMethodAccessorImpl.java:43)
	at java.lang.reflect.Method.invoke(Method.java:498)
	at org.apache.maven.surefire.util.ReflectionUtils.invokeMethodWithArray(ReflectionUtils.java:189)
	at org.apache.maven.surefire.booter.ProviderFactory$ProviderProxy.invoke(ProviderFactory.java:165)
	at org.apache.maven.surefire.booter.ProviderFactory.invokeProvider(ProviderFactory.java:85)
	at org.apache.maven.surefire.booter.ForkedBooter.runSuitesInProcess(ForkedBooter.java:115)
	at org.apache.maven.surefire.booter.ForkedBooter.main(ForkedBooter.java:75)
</error>
    <system-out>[DEBUG] 2018-10-07 19:55:34,505 method:org.apache.ibatis.io.DefaultVFS.findJarForResource(DefaultVFS.java:222)
Find JAR URL: file:/F:/workspace/2018/new/bwts-dao/target/classes/com/dlri/chinacnr/bwts/entity
[DEBUG] 2018-10-07 19:55:34,506 method:org.apache.ibatis.io.DefaultVFS.findJarForResource(DefaultVFS.java:248)
Not a JAR: file:/F:/workspace/2018/new/bwts-dao/target/classes/com/dlri/chinacnr/bwts/entity
[DEBUG] 2018-10-07 19:55:34,507 method:org.apache.ibatis.io.DefaultVFS.list(DefaultVFS.java:102)
Reader entry: DetectionDetails.class
[DEBUG] 2018-10-07 19:55:34,508 method:org.apache.ibatis.io.DefaultVFS.list(DefaultVFS.java:102)
Reader entry: DetectionRecord.class
[DEBUG] 2018-10-07 19:55:34,509 method:org.apache.ibatis.io.DefaultVFS.list(DefaultVFS.java:102)
Reader entry: DynRecord.class
[DEBUG] 2018-10-07 19:55:34,509 method:org.apache.ibatis.io.DefaultVFS.list(DefaultVFS.java:102)
Reader entry: Page.class
[DEBUG] 2018-10-07 19:55:34,510 method:org.apache.ibatis.io.DefaultVFS.list(DefaultVFS.java:102)
Reader entry: Protocol.class
[DEBUG] 2018-10-07 19:55:34,510 method:org.apache.ibatis.io.DefaultVFS.list(DefaultVFS.java:102)
Reader entry: RecordTotal.class
[DEBUG] 2018-10-07 19:55:34,511 method:org.apache.ibatis.io.DefaultVFS.list(DefaultVFS.java:102)
Reader entry: ScheduleJob.class
[DEBUG] 2018-10-07 19:55:34,512 method:org.apache.ibatis.io.DefaultVFS.list(DefaultVFS.java:102)
Reader entry: Statistical.class
[DEBUG] 2018-10-07 19:55:34,513 method:org.apache.ibatis.io.DefaultVFS.list(DefaultVFS.java:102)
Reader entry: User.class
[DEBUG] 2018-10-07 19:55:34,513 method:org.apache.ibatis.io.DefaultVFS.list(DefaultVFS.java:113)
Listing file:/F:/workspace/2018/new/bwts-dao/target/classes/com/dlri/chinacnr/bwts/entity
[DEBUG] 2018-10-07 19:55:34,514 method:org.apache.ibatis.io.DefaultVFS.findJarForResource(DefaultVFS.java:222)
Find JAR URL: file:/F:/workspace/2018/new/bwts-dao/target/classes/com/dlri/chinacnr/bwts/entity/DetectionDetails.class
[DEBUG] 2018-10-07 19:55:34,514 method:org.apache.ibatis.io.DefaultVFS.findJarForResource(DefaultVFS.java:248)
Not a JAR: file:/F:/workspace/2018/new/bwts-dao/target/classes/com/dlri/chinacnr/bwts/entity/DetectionDetails.class
[DEBUG] 2018-10-07 19:55:34,524 method:org.apache.ibatis.io.DefaultVFS.list(DefaultVFS.java:102)
Reader entry: 漱壕&amp;#0;&amp;#0;&amp;#0;1&amp;#0;?
[DEBUG] 2018-10-07 19:55:34,525 method:org.apache.ibatis.io.DefaultVFS.findJarForResource(DefaultVFS.java:222)
Find JAR URL: file:/F:/workspace/2018/new/bwts-dao/target/classes/com/dlri/chinacnr/bwts/entity/DetectionRecord.class
[DEBUG] 2018-10-07 19:55:34,525 method:org.apache.ibatis.io.DefaultVFS.findJarForResource(DefaultVFS.java:248)
Not a JAR: file:/F:/workspace/2018/new/bwts-dao/target/classes/com/dlri/chinacnr/bwts/entity/DetectionRecord.class
[DEBUG] 2018-10-07 19:55:34,527 method:org.apache.ibatis.io.DefaultVFS.list(DefaultVFS.java:102)
Reader entry: 漱壕&amp;#0;&amp;#0;&amp;#0;1&amp;#0;?
[DEBUG] 2018-10-07 19:55:34,527 method:org.apache.ibatis.io.DefaultVFS.findJarForResource(DefaultVFS.java:222)
Find JAR URL: file:/F:/workspace/2018/new/bwts-dao/target/classes/com/dlri/chinacnr/bwts/entity/DynRecord.class
[DEBUG] 2018-10-07 19:55:34,527 method:org.apache.ibatis.io.DefaultVFS.findJarForResource(DefaultVFS.java:248)
Not a JAR: file:/F:/workspace/2018/new/bwts-dao/target/classes/com/dlri/chinacnr/bwts/entity/DynRecord.class
[DEBUG] 2018-10-07 19:55:34,528 method:org.apache.ibatis.io.DefaultVFS.list(DefaultVFS.java:102)
Reader entry: 漱壕&amp;#0;&amp;#0;&amp;#0;1&amp;#1;&amp;#4;
[DEBUG] 2018-10-07 19:55:34,529 method:org.apache.ibatis.io.DefaultVFS.findJarForResource(DefaultVFS.java:222)
Find JAR URL: file:/F:/workspace/2018/new/bwts-dao/target/classes/com/dlri/chinacnr/bwts/entity/Page.class
[DEBUG] 2018-10-07 19:55:34,529 method:org.apache.ibatis.io.DefaultVFS.findJarForResource(DefaultVFS.java:248)
Not a JAR: file:/F:/workspace/2018/new/bwts-dao/target/classes/com/dlri/chinacnr/bwts/entity/Page.class
[DEBUG] 2018-10-07 19:55:34,530 method:org.apache.ibatis.io.DefaultVFS.list(DefaultVFS.java:102)
Reader entry: 漱壕&amp;#0;&amp;#0;&amp;#0;1&amp;#0;#
[DEBUG] 2018-10-07 19:55:34,530 method:org.apache.ibatis.io.DefaultVFS.findJarForResource(DefaultVFS.java:222)
Find JAR URL: file:/F:/workspace/2018/new/bwts-dao/target/classes/com/dlri/chinacnr/bwts/entity/Protocol.class
[DEBUG] 2018-10-07 19:55:34,531 method:org.apache.ibatis.io.DefaultVFS.findJarForResource(DefaultVFS.java:248)
Not a JAR: file:/F:/workspace/2018/new/bwts-dao/target/classes/com/dlri/chinacnr/bwts/entity/Protocol.class
[DEBUG] 2018-10-07 19:55:34,532 method:org.apache.ibatis.io.DefaultVFS.list(DefaultVFS.java:102)
Reader entry: 漱壕&amp;#0;&amp;#0;&amp;#0;1&amp;#0;V
[DEBUG] 2018-10-07 19:55:34,532 method:org.apache.ibatis.io.DefaultVFS.findJarForResource(DefaultVFS.java:222)
Find JAR URL: file:/F:/workspace/2018/new/bwts-dao/target/classes/com/dlri/chinacnr/bwts/entity/RecordTotal.class
[DEBUG] 2018-10-07 19:55:34,533 method:org.apache.ibatis.io.DefaultVFS.findJarForResource(DefaultVFS.java:248)
Not a JAR: file:/F:/workspace/2018/new/bwts-dao/target/classes/com/dlri/chinacnr/bwts/entity/RecordTotal.class
[DEBUG] 2018-10-07 19:55:34,534 method:org.apache.ibatis.io.DefaultVFS.list(DefaultVFS.java:102)
Reader entry: 漱壕&amp;#0;&amp;#0;&amp;#0;1&amp;#0;&amp;#29;
[DEBUG] 2018-10-07 19:55:34,534 method:org.apache.ibatis.io.DefaultVFS.findJarForResource(DefaultVFS.java:222)
Find JAR URL: file:/F:/workspace/2018/new/bwts-dao/target/classes/com/dlri/chinacnr/bwts/entity/ScheduleJob.class
[DEBUG] 2018-10-07 19:55:34,535 method:org.apache.ibatis.io.DefaultVFS.findJarForResource(DefaultVFS.java:248)
Not a JAR: file:/F:/workspace/2018/new/bwts-dao/target/classes/com/dlri/chinacnr/bwts/entity/ScheduleJob.class
[DEBUG] 2018-10-07 19:55:34,536 method:org.apache.ibatis.io.DefaultVFS.list(DefaultVFS.java:102)
Reader entry: 漱壕&amp;#0;&amp;#0;&amp;#0;1&amp;#0;J
[DEBUG] 2018-10-07 19:55:34,536 method:org.apache.ibatis.io.DefaultVFS.findJarForResource(DefaultVFS.java:222)
Find JAR URL: file:/F:/workspace/2018/new/bwts-dao/target/classes/com/dlri/chinacnr/bwts/entity/Statistical.class
[DEBUG] 2018-10-07 19:55:34,536 method:org.apache.ibatis.io.DefaultVFS.findJarForResource(DefaultVFS.java:248)
Not a JAR: file:/F:/workspace/2018/new/bwts-dao/target/classes/com/dlri/chinacnr/bwts/entity/Statistical.class
[DEBUG] 2018-10-07 19:55:34,537 method:org.apache.ibatis.io.DefaultVFS.list(DefaultVFS.java:102)
Reader entry: 漱壕&amp;#0;&amp;#0;&amp;#0;1&amp;#0;(
[DEBUG] 2018-10-07 19:55:34,537 method:org.apache.ibatis.io.DefaultVFS.findJarForResource(DefaultVFS.java:222)
Find JAR URL: file:/F:/workspace/2018/new/bwts-dao/target/classes/com/dlri/chinacnr/bwts/entity/User.class
[DEBUG] 2018-10-07 19:55:34,538 method:org.apache.ibatis.io.DefaultVFS.findJarForResource(DefaultVFS.java:248)
Not a JAR: file:/F:/workspace/2018/new/bwts-dao/target/classes/com/dlri/chinacnr/bwts/entity/User.class
[DEBUG] 2018-10-07 19:55:34,539 method:org.apache.ibatis.io.DefaultVFS.list(DefaultVFS.java:102)
Reader entry: 漱壕&amp;#0;&amp;#0;&amp;#0;1&amp;#0;_
[DEBUG] 2018-10-07 19:55:34,540 method:org.apache.ibatis.io.ResolverUtil.addIfMatching(ResolverUtil.java:256)
Checking to see if class com.dlri.chinacnr.bwts.entity.DetectionDetails matches criteria [is assignable to Object]
[DEBUG] 2018-10-07 19:55:34,540 method:org.apache.ibatis.io.ResolverUtil.addIfMatching(ResolverUtil.java:256)
Checking to see if class com.dlri.chinacnr.bwts.entity.DetectionRecord matches criteria [is assignable to Object]
[DEBUG] 2018-10-07 19:55:34,540 method:org.apache.ibatis.io.ResolverUtil.addIfMatching(ResolverUtil.java:256)
Checking to see if class com.dlri.chinacnr.bwts.entity.DynRecord matches criteria [is assignable to Object]
[DEBUG] 2018-10-07 19:55:34,541 method:org.apache.ibatis.io.ResolverUtil.addIfMatching(ResolverUtil.java:256)
Checking to see if class com.dlri.chinacnr.bwts.entity.Page matches criteria [is assignable to Object]
[DEBUG] 2018-10-07 19:55:34,541 method:org.apache.ibatis.io.ResolverUtil.addIfMatching(ResolverUtil.java:256)
Checking to see if class com.dlri.chinacnr.bwts.entity.Protocol matches criteria [is assignable to Object]
[DEBUG] 2018-10-07 19:55:34,541 method:org.apache.ibatis.io.ResolverUtil.addIfMatching(ResolverUtil.java:256)
Checking to see if class com.dlri.chinacnr.bwts.entity.RecordTotal matches criteria [is assignable to Object]
[DEBUG] 2018-10-07 19:55:34,541 method:org.apache.ibatis.io.ResolverUtil.addIfMatching(ResolverUtil.java:256)
Checking to see if class com.dlri.chinacnr.bwts.entity.ScheduleJob matches criteria [is assignable to Object]
[DEBUG] 2018-10-07 19:55:34,542 method:org.apache.ibatis.io.ResolverUtil.addIfMatching(ResolverUtil.java:256)
Checking to see if class com.dlri.chinacnr.bwts.entity.Statistical matches criteria [is assignable to Object]
[DEBUG] 2018-10-07 19:55:34,542 method:org.apache.ibatis.io.ResolverUtil.addIfMatching(ResolverUtil.java:256)
Checking to see if class com.dlri.chinacnr.bwts.entity.User matches criteria [is assignable to Object]
Logging initialized using &apos;class org.apache.ibatis.logging.stdout.StdOutImpl&apos; adapter.
</system-out>
  </testcase>
  <testcase classname="com.dlri.chinacnr.bwts.dao.DetectionRecordDaoTest" name="testInsertOneDetectionRecord" time="0.061">
    <error message="Type interface com.dlri.chinacnr.bwts.dao.DetectionRecordDao is not known to the MapperRegistry." type="org.apache.ibatis.binding.BindingException">org.apache.ibatis.binding.BindingException: Type interface com.dlri.chinacnr.bwts.dao.DetectionRecordDao is not known to the MapperRegistry.
	at org.apache.ibatis.binding.MapperRegistry.getMapper(MapperRegistry.java:47)
	at org.apache.ibatis.session.Configuration.getMapper(Configuration.java:745)
	at org.apache.ibatis.session.defaults.DefaultSqlSession.getMapper(DefaultSqlSession.java:292)
	at com.dlri.chinacnr.bwts.dao.impl.DetectionRecordDaoImpl.insertOneDetectionRecord(DetectionRecordDaoImpl.java:35)
	at com.dlri.chinacnr.bwts.dao.DetectionRecordDaoTest.testInsertOneDetectionRecord(DetectionRecordDaoTest.java:32)
	at sun.reflect.NativeMethodAccessorImpl.invoke0(Native Method)
	at sun.reflect.NativeMethodAccessorImpl.invoke(NativeMethodAccessorImpl.java:62)
	at sun.reflect.DelegatingMethodAccessorImpl.invoke(DelegatingMethodAccessorImpl.java:43)
	at java.lang.reflect.Method.invoke(Method.java:498)
	at org.junit.runners.model.FrameworkMethod$1.runReflectiveCall(FrameworkMethod.java:50)
	at org.junit.internal.runners.model.ReflectiveCallable.run(ReflectiveCallable.java:12)
	at org.junit.runners.model.FrameworkMethod.invokeExplosively(FrameworkMethod.java:47)
	at org.junit.internal.runners.statements.InvokeMethod.evaluate(InvokeMethod.java:17)
	at org.junit.runners.ParentRunner.runLeaf(ParentRunner.java:325)
	at org.junit.runners.BlockJUnit4ClassRunner.runChild(BlockJUnit4ClassRunner.java:78)
	at org.junit.runners.BlockJUnit4ClassRunner.runChild(BlockJUnit4ClassRunner.java:57)
	at org.junit.runners.ParentRunner$3.run(ParentRunner.java:290)
	at org.junit.runners.ParentRunner$1.schedule(ParentRunner.java:71)
	at org.junit.runners.ParentRunner.runChildren(ParentRunner.java:288)
	at org.junit.runners.ParentRunner.access$000(ParentRunner.java:58)
	at org.junit.runners.ParentRunner$2.evaluate(ParentRunner.java:268)
	at org.junit.runners.ParentRunner.run(ParentRunner.java:363)
	at org.apache.maven.surefire.junit4.JUnit4Provider.execute(JUnit4Provider.java:252)
	at org.apache.maven.surefire.junit4.JUnit4Provider.executeTestSet(JUnit4Provider.java:141)
	at org.apache.maven.surefire.junit4.JUnit4Provider.invoke(JUnit4Provider.java:112)
	at sun.reflect.NativeMethodAccessorImpl.invoke0(Native Method)
	at sun.reflect.NativeMethodAccessorImpl.invoke(NativeMethodAccessorImpl.java:62)
	at sun.reflect.DelegatingMethodAccessorImpl.invoke(DelegatingMethodAccessorImpl.java:43)
	at java.lang.reflect.Method.invoke(Method.java:498)
	at org.apache.maven.surefire.util.ReflectionUtils.invokeMethodWithArray(ReflectionUtils.java:189)
	at org.apache.maven.surefire.booter.ProviderFactory$ProviderProxy.invoke(ProviderFactory.java:165)
	at org.apache.maven.surefire.booter.ProviderFactory.invokeProvider(ProviderFactory.java:85)
	at org.apache.maven.surefire.booter.ForkedBooter.runSuitesInProcess(ForkedBooter.java:115)
	at org.apache.maven.surefire.booter.ForkedBooter.main(ForkedBooter.java:75)
</error>
    <system-out>[DEBUG] 2018-10-07 19:55:34,589 method:org.apache.ibatis.io.DefaultVFS.findJarForResource(DefaultVFS.java:222)
Find JAR URL: file:/F:/workspace/2018/new/bwts-dao/target/classes/com/dlri/chinacnr/bwts/entity
[DEBUG] 2018-10-07 19:55:34,589 method:org.apache.ibatis.io.DefaultVFS.findJarForResource(DefaultVFS.java:248)
Not a JAR: file:/F:/workspace/2018/new/bwts-dao/target/classes/com/dlri/chinacnr/bwts/entity
[DEBUG] 2018-10-07 19:55:34,591 method:org.apache.ibatis.io.DefaultVFS.list(DefaultVFS.java:102)
Reader entry: DetectionDetails.class
[DEBUG] 2018-10-07 19:55:34,591 method:org.apache.ibatis.io.DefaultVFS.list(DefaultVFS.java:102)
Reader entry: DetectionRecord.class
[DEBUG] 2018-10-07 19:55:34,592 method:org.apache.ibatis.io.DefaultVFS.list(DefaultVFS.java:102)
Reader entry: DynRecord.class
[DEBUG] 2018-10-07 19:55:34,593 method:org.apache.ibatis.io.DefaultVFS.list(DefaultVFS.java:102)
Reader entry: Page.class
[DEBUG] 2018-10-07 19:55:34,594 method:org.apache.ibatis.io.DefaultVFS.list(DefaultVFS.java:102)
Reader entry: Protocol.class
[DEBUG] 2018-10-07 19:55:34,594 method:org.apache.ibatis.io.DefaultVFS.list(DefaultVFS.java:102)
Reader entry: RecordTotal.class
[DEBUG] 2018-10-07 19:55:34,595 method:org.apache.ibatis.io.DefaultVFS.list(DefaultVFS.java:102)
Reader entry: ScheduleJob.class
[DEBUG] 2018-10-07 19:55:34,595 method:org.apache.ibatis.io.DefaultVFS.list(DefaultVFS.java:102)
Reader entry: Statistical.class
[DEBUG] 2018-10-07 19:55:34,596 method:org.apache.ibatis.io.DefaultVFS.list(DefaultVFS.java:102)
Reader entry: User.class
[DEBUG] 2018-10-07 19:55:34,596 method:org.apache.ibatis.io.DefaultVFS.list(DefaultVFS.java:113)
Listing file:/F:/workspace/2018/new/bwts-dao/target/classes/com/dlri/chinacnr/bwts/entity
[DEBUG] 2018-10-07 19:55:34,597 method:org.apache.ibatis.io.DefaultVFS.findJarForResource(DefaultVFS.java:222)
Find JAR URL: file:/F:/workspace/2018/new/bwts-dao/target/classes/com/dlri/chinacnr/bwts/entity/DetectionDetails.class
[DEBUG] 2018-10-07 19:55:34,597 method:org.apache.ibatis.io.DefaultVFS.findJarForResource(DefaultVFS.java:248)
Not a JAR: file:/F:/workspace/2018/new/bwts-dao/target/classes/com/dlri/chinacnr/bwts/entity/DetectionDetails.class
[DEBUG] 2018-10-07 19:55:34,598 method:org.apache.ibatis.io.DefaultVFS.list(DefaultVFS.java:102)
Reader entry: 漱壕&amp;#0;&amp;#0;&amp;#0;1&amp;#0;?
[DEBUG] 2018-10-07 19:55:34,598 method:org.apache.ibatis.io.DefaultVFS.findJarForResource(DefaultVFS.java:222)
Find JAR URL: file:/F:/workspace/2018/new/bwts-dao/target/classes/com/dlri/chinacnr/bwts/entity/DetectionRecord.class
[DEBUG] 2018-10-07 19:55:34,599 method:org.apache.ibatis.io.DefaultVFS.findJarForResource(DefaultVFS.java:248)
Not a JAR: file:/F:/workspace/2018/new/bwts-dao/target/classes/com/dlri/chinacnr/bwts/entity/DetectionRecord.class
[DEBUG] 2018-10-07 19:55:34,599 method:org.apache.ibatis.io.DefaultVFS.list(DefaultVFS.java:102)
Reader entry: 漱壕&amp;#0;&amp;#0;&amp;#0;1&amp;#0;?
[DEBUG] 2018-10-07 19:55:34,600 method:org.apache.ibatis.io.DefaultVFS.findJarForResource(DefaultVFS.java:222)
Find JAR URL: file:/F:/workspace/2018/new/bwts-dao/target/classes/com/dlri/chinacnr/bwts/entity/DynRecord.class
[DEBUG] 2018-10-07 19:55:34,600 method:org.apache.ibatis.io.DefaultVFS.findJarForResource(DefaultVFS.java:248)
Not a JAR: file:/F:/workspace/2018/new/bwts-dao/target/classes/com/dlri/chinacnr/bwts/entity/DynRecord.class
[DEBUG] 2018-10-07 19:55:34,601 method:org.apache.ibatis.io.DefaultVFS.list(DefaultVFS.java:102)
Reader entry: 漱壕&amp;#0;&amp;#0;&amp;#0;1&amp;#1;&amp;#4;
[DEBUG] 2018-10-07 19:55:34,602 method:org.apache.ibatis.io.DefaultVFS.findJarForResource(DefaultVFS.java:222)
Find JAR URL: file:/F:/workspace/2018/new/bwts-dao/target/classes/com/dlri/chinacnr/bwts/entity/Page.class
[DEBUG] 2018-10-07 19:55:34,602 method:org.apache.ibatis.io.DefaultVFS.findJarForResource(DefaultVFS.java:248)
Not a JAR: file:/F:/workspace/2018/new/bwts-dao/target/classes/com/dlri/chinacnr/bwts/entity/Page.class
[DEBUG] 2018-10-07 19:55:34,603 method:org.apache.ibatis.io.DefaultVFS.list(DefaultVFS.java:102)
Reader entry: 漱壕&amp;#0;&amp;#0;&amp;#0;1&amp;#0;#
[DEBUG] 2018-10-07 19:55:34,604 method:org.apache.ibatis.io.DefaultVFS.findJarForResource(DefaultVFS.java:222)
Find JAR URL: file:/F:/workspace/2018/new/bwts-dao/target/classes/com/dlri/chinacnr/bwts/entity/Protocol.class
[DEBUG] 2018-10-07 19:55:34,604 method:org.apache.ibatis.io.DefaultVFS.findJarForResource(DefaultVFS.java:248)
Not a JAR: file:/F:/workspace/2018/new/bwts-dao/target/classes/com/dlri/chinacnr/bwts/entity/Protocol.class
[DEBUG] 2018-10-07 19:55:34,605 method:org.apache.ibatis.io.DefaultVFS.list(DefaultVFS.java:102)
Reader entry: 漱壕&amp;#0;&amp;#0;&amp;#0;1&amp;#0;V
[DEBUG] 2018-10-07 19:55:34,606 method:org.apache.ibatis.io.DefaultVFS.findJarForResource(DefaultVFS.java:222)
Find JAR URL: file:/F:/workspace/2018/new/bwts-dao/target/classes/com/dlri/chinacnr/bwts/entity/RecordTotal.class
[DEBUG] 2018-10-07 19:55:34,606 method:org.apache.ibatis.io.DefaultVFS.findJarForResource(DefaultVFS.java:248)
Not a JAR: file:/F:/workspace/2018/new/bwts-dao/target/classes/com/dlri/chinacnr/bwts/entity/RecordTotal.class
[DEBUG] 2018-10-07 19:55:34,607 method:org.apache.ibatis.io.DefaultVFS.list(DefaultVFS.java:102)
Reader entry: 漱壕&amp;#0;&amp;#0;&amp;#0;1&amp;#0;&amp;#29;
[DEBUG] 2018-10-07 19:55:34,608 method:org.apache.ibatis.io.DefaultVFS.findJarForResource(DefaultVFS.java:222)
Find JAR URL: file:/F:/workspace/2018/new/bwts-dao/target/classes/com/dlri/chinacnr/bwts/entity/ScheduleJob.class
[DEBUG] 2018-10-07 19:55:34,608 method:org.apache.ibatis.io.DefaultVFS.findJarForResource(DefaultVFS.java:248)
Not a JAR: file:/F:/workspace/2018/new/bwts-dao/target/classes/com/dlri/chinacnr/bwts/entity/ScheduleJob.class
[DEBUG] 2018-10-07 19:55:34,609 method:org.apache.ibatis.io.DefaultVFS.list(DefaultVFS.java:102)
Reader entry: 漱壕&amp;#0;&amp;#0;&amp;#0;1&amp;#0;J
[DEBUG] 2018-10-07 19:55:34,609 method:org.apache.ibatis.io.DefaultVFS.findJarForResource(DefaultVFS.java:222)
Find JAR URL: file:/F:/workspace/2018/new/bwts-dao/target/classes/com/dlri/chinacnr/bwts/entity/Statistical.class
[DEBUG] 2018-10-07 19:55:34,610 method:org.apache.ibatis.io.DefaultVFS.findJarForResource(DefaultVFS.java:248)
Not a JAR: file:/F:/workspace/2018/new/bwts-dao/target/classes/com/dlri/chinacnr/bwts/entity/Statistical.class
[DEBUG] 2018-10-07 19:55:34,610 method:org.apache.ibatis.io.DefaultVFS.list(DefaultVFS.java:102)
Reader entry: 漱壕&amp;#0;&amp;#0;&amp;#0;1&amp;#0;(
[DEBUG] 2018-10-07 19:55:34,611 method:org.apache.ibatis.io.DefaultVFS.findJarForResource(DefaultVFS.java:222)
Find JAR URL: file:/F:/workspace/2018/new/bwts-dao/target/classes/com/dlri/chinacnr/bwts/entity/User.class
[DEBUG] 2018-10-07 19:55:34,611 method:org.apache.ibatis.io.DefaultVFS.findJarForResource(DefaultVFS.java:248)
Not a JAR: file:/F:/workspace/2018/new/bwts-dao/target/classes/com/dlri/chinacnr/bwts/entity/User.class
[DEBUG] 2018-10-07 19:55:34,612 method:org.apache.ibatis.io.DefaultVFS.list(DefaultVFS.java:102)
Reader entry: 漱壕&amp;#0;&amp;#0;&amp;#0;1&amp;#0;_
[DEBUG] 2018-10-07 19:55:34,613 method:org.apache.ibatis.io.ResolverUtil.addIfMatching(ResolverUtil.java:256)
Checking to see if class com.dlri.chinacnr.bwts.entity.DetectionDetails matches criteria [is assignable to Object]
[DEBUG] 2018-10-07 19:55:34,613 method:org.apache.ibatis.io.ResolverUtil.addIfMatching(ResolverUtil.java:256)
Checking to see if class com.dlri.chinacnr.bwts.entity.DetectionRecord matches criteria [is assignable to Object]
[DEBUG] 2018-10-07 19:55:34,614 method:org.apache.ibatis.io.ResolverUtil.addIfMatching(ResolverUtil.java:256)
Checking to see if class com.dlri.chinacnr.bwts.entity.DynRecord matches criteria [is assignable to Object]
[DEBUG] 2018-10-07 19:55:34,614 method:org.apache.ibatis.io.ResolverUtil.addIfMatching(ResolverUtil.java:256)
Checking to see if class com.dlri.chinacnr.bwts.entity.Page matches criteria [is assignable to Object]
[DEBUG] 2018-10-07 19:55:34,614 method:org.apache.ibatis.io.ResolverUtil.addIfMatching(ResolverUtil.java:256)
Checking to see if class com.dlri.chinacnr.bwts.entity.Protocol matches criteria [is assignable to Object]
[DEBUG] 2018-10-07 19:55:34,614 method:org.apache.ibatis.io.ResolverUtil.addIfMatching(ResolverUtil.java:256)
Checking to see if class com.dlri.chinacnr.bwts.entity.RecordTotal matches criteria [is assignable to Object]
[DEBUG] 2018-10-07 19:55:34,615 method:org.apache.ibatis.io.ResolverUtil.addIfMatching(ResolverUtil.java:256)
Checking to see if class com.dlri.chinacnr.bwts.entity.ScheduleJob matches criteria [is assignable to Object]
[DEBUG] 2018-10-07 19:55:34,615 method:org.apache.ibatis.io.ResolverUtil.addIfMatching(ResolverUtil.java:256)
Checking to see if class com.dlri.chinacnr.bwts.entity.Statistical matches criteria [is assignable to Object]
[DEBUG] 2018-10-07 19:55:34,615 method:org.apache.ibatis.io.ResolverUtil.addIfMatching(ResolverUtil.java:256)
Checking to see if class com.dlri.chinacnr.bwts.entity.User matches criteria [is assignable to Object]
Logging initialized using &apos;class org.apache.ibatis.logging.stdout.StdOutImpl&apos; adapter.
</system-out>
  </testcase>
  <testcase classname="com.dlri.chinacnr.bwts.dao.DetectionRecordDaoTest" name="testqueryDetectionRecordWithDetails" time="0.097">
    <error message="Type interface com.dlri.chinacnr.bwts.dao.DetectionRecordDao is not known to the MapperRegistry." type="org.apache.ibatis.binding.BindingException">org.apache.ibatis.binding.BindingException: Type interface com.dlri.chinacnr.bwts.dao.DetectionRecordDao is not known to the MapperRegistry.
	at org.apache.ibatis.binding.MapperRegistry.getMapper(MapperRegistry.java:47)
	at org.apache.ibatis.session.Configuration.getMapper(Configuration.java:745)
	at org.apache.ibatis.session.defaults.DefaultSqlSession.getMapper(DefaultSqlSession.java:292)
	at com.dlri.chinacnr.bwts.dao.DetectionRecordDaoTest.testqueryDetectionRecordWithDetails(DetectionRecordDaoTest.java:51)
	at sun.reflect.NativeMethodAccessorImpl.invoke0(Native Method)
	at sun.reflect.NativeMethodAccessorImpl.invoke(NativeMethodAccessorImpl.java:62)
	at sun.reflect.DelegatingMethodAccessorImpl.invoke(DelegatingMethodAccessorImpl.java:43)
	at java.lang.reflect.Method.invoke(Method.java:498)
	at org.junit.runners.model.FrameworkMethod$1.runReflectiveCall(FrameworkMethod.java:50)
	at org.junit.internal.runners.model.ReflectiveCallable.run(ReflectiveCallable.java:12)
	at org.junit.runners.model.FrameworkMethod.invokeExplosively(FrameworkMethod.java:47)
	at org.junit.internal.runners.statements.InvokeMethod.evaluate(InvokeMethod.java:17)
	at org.junit.runners.ParentRunner.runLeaf(ParentRunner.java:325)
	at org.junit.runners.BlockJUnit4ClassRunner.runChild(BlockJUnit4ClassRunner.java:78)
	at org.junit.runners.BlockJUnit4ClassRunner.runChild(BlockJUnit4ClassRunner.java:57)
	at org.junit.runners.ParentRunner$3.run(ParentRunner.java:290)
	at org.junit.runners.ParentRunner$1.schedule(ParentRunner.java:71)
	at org.junit.runners.ParentRunner.runChildren(ParentRunner.java:288)
	at org.junit.runners.ParentRunner.access$000(ParentRunner.java:58)
	at org.junit.runners.ParentRunner$2.evaluate(ParentRunner.java:268)
	at org.junit.runners.ParentRunner.run(ParentRunner.java:363)
	at org.apache.maven.surefire.junit4.JUnit4Provider.execute(JUnit4Provider.java:252)
	at org.apache.maven.surefire.junit4.JUnit4Provider.executeTestSet(JUnit4Provider.java:141)
	at org.apache.maven.surefire.junit4.JUnit4Provider.invoke(JUnit4Provider.java:112)
	at sun.reflect.NativeMethodAccessorImpl.invoke0(Native Method)
	at sun.reflect.NativeMethodAccessorImpl.invoke(NativeMethodAccessorImpl.java:62)
	at sun.reflect.DelegatingMethodAccessorImpl.invoke(DelegatingMethodAccessorImpl.java:43)
	at java.lang.reflect.Method.invoke(Method.java:498)
	at org.apache.maven.surefire.util.ReflectionUtils.invokeMethodWithArray(ReflectionUtils.java:189)
	at org.apache.maven.surefire.booter.ProviderFactory$ProviderProxy.invoke(ProviderFactory.java:165)
	at org.apache.maven.surefire.booter.ProviderFactory.invokeProvider(ProviderFactory.java:85)
	at org.apache.maven.surefire.booter.ForkedBooter.runSuitesInProcess(ForkedBooter.java:115)
	at org.apache.maven.surefire.booter.ForkedBooter.main(ForkedBooter.java:75)
</error>
    <system-out>[DEBUG] 2018-10-07 19:55:34,640 method:org.apache.ibatis.io.DefaultVFS.findJarForResource(DefaultVFS.java:222)
Find JAR URL: file:/F:/workspace/2018/new/bwts-dao/target/classes/com/dlri/chinacnr/bwts/entity
[DEBUG] 2018-10-07 19:55:34,640 method:org.apache.ibatis.io.DefaultVFS.findJarForResource(DefaultVFS.java:248)
Not a JAR: file:/F:/workspace/2018/new/bwts-dao/target/classes/com/dlri/chinacnr/bwts/entity
[DEBUG] 2018-10-07 19:55:34,642 method:org.apache.ibatis.io.DefaultVFS.list(DefaultVFS.java:102)
Reader entry: DetectionDetails.class
[DEBUG] 2018-10-07 19:55:34,642 method:org.apache.ibatis.io.DefaultVFS.list(DefaultVFS.java:102)
Reader entry: DetectionRecord.class
[DEBUG] 2018-10-07 19:55:34,643 method:org.apache.ibatis.io.DefaultVFS.list(DefaultVFS.java:102)
Reader entry: DynRecord.class
[DEBUG] 2018-10-07 19:55:34,644 method:org.apache.ibatis.io.DefaultVFS.list(DefaultVFS.java:102)
Reader entry: Page.class
[DEBUG] 2018-10-07 19:55:34,645 method:org.apache.ibatis.io.DefaultVFS.list(DefaultVFS.java:102)
Reader entry: Protocol.class
[DEBUG] 2018-10-07 19:55:34,646 method:org.apache.ibatis.io.DefaultVFS.list(DefaultVFS.java:102)
Reader entry: RecordTotal.class
[DEBUG] 2018-10-07 19:55:34,646 method:org.apache.ibatis.io.DefaultVFS.list(DefaultVFS.java:102)
Reader entry: ScheduleJob.class
[DEBUG] 2018-10-07 19:55:34,647 method:org.apache.ibatis.io.DefaultVFS.list(DefaultVFS.java:102)
Reader entry: Statistical.class
[DEBUG] 2018-10-07 19:55:34,647 method:org.apache.ibatis.io.DefaultVFS.list(DefaultVFS.java:102)
Reader entry: User.class
[DEBUG] 2018-10-07 19:55:34,648 method:org.apache.ibatis.io.DefaultVFS.list(DefaultVFS.java:113)
Listing file:/F:/workspace/2018/new/bwts-dao/target/classes/com/dlri/chinacnr/bwts/entity
[DEBUG] 2018-10-07 19:55:34,648 method:org.apache.ibatis.io.DefaultVFS.findJarForResource(DefaultVFS.java:222)
Find JAR URL: file:/F:/workspace/2018/new/bwts-dao/target/classes/com/dlri/chinacnr/bwts/entity/DetectionDetails.class
[DEBUG] 2018-10-07 19:55:34,649 method:org.apache.ibatis.io.DefaultVFS.findJarForResource(DefaultVFS.java:248)
Not a JAR: file:/F:/workspace/2018/new/bwts-dao/target/classes/com/dlri/chinacnr/bwts/entity/DetectionDetails.class
[DEBUG] 2018-10-07 19:55:34,650 method:org.apache.ibatis.io.DefaultVFS.list(DefaultVFS.java:102)
Reader entry: 漱壕&amp;#0;&amp;#0;&amp;#0;1&amp;#0;?
[DEBUG] 2018-10-07 19:55:34,656 method:org.apache.ibatis.io.DefaultVFS.findJarForResource(DefaultVFS.java:222)
Find JAR URL: file:/F:/workspace/2018/new/bwts-dao/target/classes/com/dlri/chinacnr/bwts/entity/DetectionRecord.class
[DEBUG] 2018-10-07 19:55:34,657 method:org.apache.ibatis.io.DefaultVFS.findJarForResource(DefaultVFS.java:248)
Not a JAR: file:/F:/workspace/2018/new/bwts-dao/target/classes/com/dlri/chinacnr/bwts/entity/DetectionRecord.class
[DEBUG] 2018-10-07 19:55:34,661 method:org.apache.ibatis.io.DefaultVFS.list(DefaultVFS.java:102)
Reader entry: 漱壕&amp;#0;&amp;#0;&amp;#0;1&amp;#0;?
[DEBUG] 2018-10-07 19:55:34,662 method:org.apache.ibatis.io.DefaultVFS.findJarForResource(DefaultVFS.java:222)
Find JAR URL: file:/F:/workspace/2018/new/bwts-dao/target/classes/com/dlri/chinacnr/bwts/entity/DynRecord.class
[DEBUG] 2018-10-07 19:55:34,662 method:org.apache.ibatis.io.DefaultVFS.findJarForResource(DefaultVFS.java:248)
Not a JAR: file:/F:/workspace/2018/new/bwts-dao/target/classes/com/dlri/chinacnr/bwts/entity/DynRecord.class
[DEBUG] 2018-10-07 19:55:34,667 method:org.apache.ibatis.io.DefaultVFS.list(DefaultVFS.java:102)
Reader entry: 漱壕&amp;#0;&amp;#0;&amp;#0;1&amp;#1;&amp;#4;
[DEBUG] 2018-10-07 19:55:34,668 method:org.apache.ibatis.io.DefaultVFS.findJarForResource(DefaultVFS.java:222)
Find JAR URL: file:/F:/workspace/2018/new/bwts-dao/target/classes/com/dlri/chinacnr/bwts/entity/Page.class
[DEBUG] 2018-10-07 19:55:34,672 method:org.apache.ibatis.io.DefaultVFS.findJarForResource(DefaultVFS.java:248)
Not a JAR: file:/F:/workspace/2018/new/bwts-dao/target/classes/com/dlri/chinacnr/bwts/entity/Page.class
[DEBUG] 2018-10-07 19:55:34,673 method:org.apache.ibatis.io.DefaultVFS.list(DefaultVFS.java:102)
Reader entry: 漱壕&amp;#0;&amp;#0;&amp;#0;1&amp;#0;#
[DEBUG] 2018-10-07 19:55:34,673 method:org.apache.ibatis.io.DefaultVFS.findJarForResource(DefaultVFS.java:222)
Find JAR URL: file:/F:/workspace/2018/new/bwts-dao/target/classes/com/dlri/chinacnr/bwts/entity/Protocol.class
[DEBUG] 2018-10-07 19:55:34,674 method:org.apache.ibatis.io.DefaultVFS.findJarForResource(DefaultVFS.java:248)
Not a JAR: file:/F:/workspace/2018/new/bwts-dao/target/classes/com/dlri/chinacnr/bwts/entity/Protocol.class
[DEBUG] 2018-10-07 19:55:34,674 method:org.apache.ibatis.io.DefaultVFS.list(DefaultVFS.java:102)
Reader entry: 漱壕&amp;#0;&amp;#0;&amp;#0;1&amp;#0;V
[DEBUG] 2018-10-07 19:55:34,675 method:org.apache.ibatis.io.DefaultVFS.findJarForResource(DefaultVFS.java:222)
Find JAR URL: file:/F:/workspace/2018/new/bwts-dao/target/classes/com/dlri/chinacnr/bwts/entity/RecordTotal.class
[DEBUG] 2018-10-07 19:55:34,676 method:org.apache.ibatis.io.DefaultVFS.findJarForResource(DefaultVFS.java:248)
Not a JAR: file:/F:/workspace/2018/new/bwts-dao/target/classes/com/dlri/chinacnr/bwts/entity/RecordTotal.class
[DEBUG] 2018-10-07 19:55:34,676 method:org.apache.ibatis.io.DefaultVFS.list(DefaultVFS.java:102)
Reader entry: 漱壕&amp;#0;&amp;#0;&amp;#0;1&amp;#0;&amp;#29;
[DEBUG] 2018-10-07 19:55:34,677 method:org.apache.ibatis.io.DefaultVFS.findJarForResource(DefaultVFS.java:222)
Find JAR URL: file:/F:/workspace/2018/new/bwts-dao/target/classes/com/dlri/chinacnr/bwts/entity/ScheduleJob.class
[DEBUG] 2018-10-07 19:55:34,677 method:org.apache.ibatis.io.DefaultVFS.findJarForResource(DefaultVFS.java:248)
Not a JAR: file:/F:/workspace/2018/new/bwts-dao/target/classes/com/dlri/chinacnr/bwts/entity/ScheduleJob.class
[DEBUG] 2018-10-07 19:55:34,678 method:org.apache.ibatis.io.DefaultVFS.list(DefaultVFS.java:102)
Reader entry: 漱壕&amp;#0;&amp;#0;&amp;#0;1&amp;#0;J
[DEBUG] 2018-10-07 19:55:34,680 method:org.apache.ibatis.io.DefaultVFS.findJarForResource(DefaultVFS.java:222)
Find JAR URL: file:/F:/workspace/2018/new/bwts-dao/target/classes/com/dlri/chinacnr/bwts/entity/Statistical.class
[DEBUG] 2018-10-07 19:55:34,680 method:org.apache.ibatis.io.DefaultVFS.findJarForResource(DefaultVFS.java:248)
Not a JAR: file:/F:/workspace/2018/new/bwts-dao/target/classes/com/dlri/chinacnr/bwts/entity/Statistical.class
[DEBUG] 2018-10-07 19:55:34,684 method:org.apache.ibatis.io.DefaultVFS.list(DefaultVFS.java:102)
Reader entry: 漱壕&amp;#0;&amp;#0;&amp;#0;1&amp;#0;(
[DEBUG] 2018-10-07 19:55:34,686 method:org.apache.ibatis.io.DefaultVFS.findJarForResource(DefaultVFS.java:222)
Find JAR URL: file:/F:/workspace/2018/new/bwts-dao/target/classes/com/dlri/chinacnr/bwts/entity/User.class
[DEBUG] 2018-10-07 19:55:34,687 method:org.apache.ibatis.io.DefaultVFS.findJarForResource(DefaultVFS.java:248)
Not a JAR: file:/F:/workspace/2018/new/bwts-dao/target/classes/com/dlri/chinacnr/bwts/entity/User.class
[DEBUG] 2018-10-07 19:55:34,688 method:org.apache.ibatis.io.DefaultVFS.list(DefaultVFS.java:102)
Reader entry: 漱壕&amp;#0;&amp;#0;&amp;#0;1&amp;#0;_
[DEBUG] 2018-10-07 19:55:34,688 method:org.apache.ibatis.io.ResolverUtil.addIfMatching(ResolverUtil.java:256)
Checking to see if class com.dlri.chinacnr.bwts.entity.DetectionDetails matches criteria [is assignable to Object]
[DEBUG] 2018-10-07 19:55:34,688 method:org.apache.ibatis.io.ResolverUtil.addIfMatching(ResolverUtil.java:256)
Checking to see if class com.dlri.chinacnr.bwts.entity.DetectionRecord matches criteria [is assignable to Object]
[DEBUG] 2018-10-07 19:55:34,689 method:org.apache.ibatis.io.ResolverUtil.addIfMatching(ResolverUtil.java:256)
Checking to see if class com.dlri.chinacnr.bwts.entity.DynRecord matches criteria [is assignable to Object]
[DEBUG] 2018-10-07 19:55:34,689 method:org.apache.ibatis.io.ResolverUtil.addIfMatching(ResolverUtil.java:256)
Checking to see if class com.dlri.chinacnr.bwts.entity.Page matches criteria [is assignable to Object]
[DEBUG] 2018-10-07 19:55:34,689 method:org.apache.ibatis.io.ResolverUtil.addIfMatching(ResolverUtil.java:256)
Checking to see if class com.dlri.chinacnr.bwts.entity.Protocol matches criteria [is assignable to Object]
[DEBUG] 2018-10-07 19:55:34,690 method:org.apache.ibatis.io.ResolverUtil.addIfMatching(ResolverUtil.java:256)
Checking to see if class com.dlri.chinacnr.bwts.entity.RecordTotal matches criteria [is assignable to Object]
[DEBUG] 2018-10-07 19:55:34,690 method:org.apache.ibatis.io.ResolverUtil.addIfMatching(ResolverUtil.java:256)
Checking to see if class com.dlri.chinacnr.bwts.entity.ScheduleJob matches criteria [is assignable to Object]
[DEBUG] 2018-10-07 19:55:34,690 method:org.apache.ibatis.io.ResolverUtil.addIfMatching(ResolverUtil.java:256)
Checking to see if class com.dlri.chinacnr.bwts.entity.Statistical matches criteria [is assignable to Object]
[DEBUG] 2018-10-07 19:55:34,690 method:org.apache.ibatis.io.ResolverUtil.addIfMatching(ResolverUtil.java:256)
Checking to see if class com.dlri.chinacnr.bwts.entity.User matches criteria [is assignable to Object]
Logging initialized using &apos;class org.apache.ibatis.logging.stdout.StdOutImpl&apos; adapter.
</system-out>
  </testcase>
  <testcase classname="com.dlri.chinacnr.bwts.dao.DetectionRecordDaoTest" name="testQueryOneDetectionRecord" time="0.082">
    <error message="Type interface com.dlri.chinacnr.bwts.dao.DetectionRecordDao is not known to the MapperRegistry." type="org.apache.ibatis.binding.BindingException">org.apache.ibatis.binding.BindingException: Type interface com.dlri.chinacnr.bwts.dao.DetectionRecordDao is not known to the MapperRegistry.
	at org.apache.ibatis.binding.MapperRegistry.getMapper(MapperRegistry.java:47)
	at org.apache.ibatis.session.Configuration.getMapper(Configuration.java:745)
	at org.apache.ibatis.session.defaults.DefaultSqlSession.getMapper(DefaultSqlSession.java:292)
	at com.dlri.chinacnr.bwts.dao.impl.DetectionRecordDaoImpl.queryOneDetectionRecord(DetectionRecordDaoImpl.java:21)
	at com.dlri.chinacnr.bwts.dao.DetectionRecordDaoTest.testQueryOneDetectionRecord(DetectionRecordDaoTest.java:42)
	at sun.reflect.NativeMethodAccessorImpl.invoke0(Native Method)
	at sun.reflect.NativeMethodAccessorImpl.invoke(NativeMethodAccessorImpl.java:62)
	at sun.reflect.DelegatingMethodAccessorImpl.invoke(DelegatingMethodAccessorImpl.java:43)
	at java.lang.reflect.Method.invoke(Method.java:498)
	at org.junit.runners.model.FrameworkMethod$1.runReflectiveCall(FrameworkMethod.java:50)
	at org.junit.internal.runners.model.ReflectiveCallable.run(ReflectiveCallable.java:12)
	at org.junit.runners.model.FrameworkMethod.invokeExplosively(FrameworkMethod.java:47)
	at org.junit.internal.runners.statements.InvokeMethod.evaluate(InvokeMethod.java:17)
	at org.junit.runners.ParentRunner.runLeaf(ParentRunner.java:325)
	at org.junit.runners.BlockJUnit4ClassRunner.runChild(BlockJUnit4ClassRunner.java:78)
	at org.junit.runners.BlockJUnit4ClassRunner.runChild(BlockJUnit4ClassRunner.java:57)
	at org.junit.runners.ParentRunner$3.run(ParentRunner.java:290)
	at org.junit.runners.ParentRunner$1.schedule(ParentRunner.java:71)
	at org.junit.runners.ParentRunner.runChildren(ParentRunner.java:288)
	at org.junit.runners.ParentRunner.access$000(ParentRunner.java:58)
	at org.junit.runners.ParentRunner$2.evaluate(ParentRunner.java:268)
	at org.junit.runners.ParentRunner.run(ParentRunner.java:363)
	at org.apache.maven.surefire.junit4.JUnit4Provider.execute(JUnit4Provider.java:252)
	at org.apache.maven.surefire.junit4.JUnit4Provider.executeTestSet(JUnit4Provider.java:141)
	at org.apache.maven.surefire.junit4.JUnit4Provider.invoke(JUnit4Provider.java:112)
	at sun.reflect.NativeMethodAccessorImpl.invoke0(Native Method)
	at sun.reflect.NativeMethodAccessorImpl.invoke(NativeMethodAccessorImpl.java:62)
	at sun.reflect.DelegatingMethodAccessorImpl.invoke(DelegatingMethodAccessorImpl.java:43)
	at java.lang.reflect.Method.invoke(Method.java:498)
	at org.apache.maven.surefire.util.ReflectionUtils.invokeMethodWithArray(ReflectionUtils.java:189)
	at org.apache.maven.surefire.booter.ProviderFactory$ProviderProxy.invoke(ProviderFactory.java:165)
	at org.apache.maven.surefire.booter.ProviderFactory.invokeProvider(ProviderFactory.java:85)
	at org.apache.maven.surefire.booter.ForkedBooter.runSuitesInProcess(ForkedBooter.java:115)
	at org.apache.maven.surefire.booter.ForkedBooter.main(ForkedBooter.java:75)
</error>
    <system-out>[DEBUG] 2018-10-07 19:55:34,718 method:org.apache.ibatis.io.DefaultVFS.findJarForResource(DefaultVFS.java:222)
Find JAR URL: file:/F:/workspace/2018/new/bwts-dao/target/classes/com/dlri/chinacnr/bwts/entity
[DEBUG] 2018-10-07 19:55:34,719 method:org.apache.ibatis.io.DefaultVFS.findJarForResource(DefaultVFS.java:248)
Not a JAR: file:/F:/workspace/2018/new/bwts-dao/target/classes/com/dlri/chinacnr/bwts/entity
[DEBUG] 2018-10-07 19:55:34,721 method:org.apache.ibatis.io.DefaultVFS.list(DefaultVFS.java:102)
Reader entry: DetectionDetails.class
[DEBUG] 2018-10-07 19:55:34,721 method:org.apache.ibatis.io.DefaultVFS.list(DefaultVFS.java:102)
Reader entry: DetectionRecord.class
[DEBUG] 2018-10-07 19:55:34,722 method:org.apache.ibatis.io.DefaultVFS.list(DefaultVFS.java:102)
Reader entry: DynRecord.class
[DEBUG] 2018-10-07 19:55:34,723 method:org.apache.ibatis.io.DefaultVFS.list(DefaultVFS.java:102)
Reader entry: Page.class
[DEBUG] 2018-10-07 19:55:34,724 method:org.apache.ibatis.io.DefaultVFS.list(DefaultVFS.java:102)
Reader entry: Protocol.class
[DEBUG] 2018-10-07 19:55:34,724 method:org.apache.ibatis.io.DefaultVFS.list(DefaultVFS.java:102)
Reader entry: RecordTotal.class
[DEBUG] 2018-10-07 19:55:34,758 method:org.apache.ibatis.io.DefaultVFS.list(DefaultVFS.java:102)
Reader entry: ScheduleJob.class
[DEBUG] 2018-10-07 19:55:34,759 method:org.apache.ibatis.io.DefaultVFS.list(DefaultVFS.java:102)
Reader entry: Statistical.class
[DEBUG] 2018-10-07 19:55:34,760 method:org.apache.ibatis.io.DefaultVFS.list(DefaultVFS.java:102)
Reader entry: User.class
[DEBUG] 2018-10-07 19:55:34,761 method:org.apache.ibatis.io.DefaultVFS.list(DefaultVFS.java:113)
Listing file:/F:/workspace/2018/new/bwts-dao/target/classes/com/dlri/chinacnr/bwts/entity
[DEBUG] 2018-10-07 19:55:34,761 method:org.apache.ibatis.io.DefaultVFS.findJarForResource(DefaultVFS.java:222)
Find JAR URL: file:/F:/workspace/2018/new/bwts-dao/target/classes/com/dlri/chinacnr/bwts/entity/DetectionDetails.class
[DEBUG] 2018-10-07 19:55:34,763 method:org.apache.ibatis.io.DefaultVFS.findJarForResource(DefaultVFS.java:248)
Not a JAR: file:/F:/workspace/2018/new/bwts-dao/target/classes/com/dlri/chinacnr/bwts/entity/DetectionDetails.class
[DEBUG] 2018-10-07 19:55:34,764 method:org.apache.ibatis.io.DefaultVFS.list(DefaultVFS.java:102)
Reader entry: 漱壕&amp;#0;&amp;#0;&amp;#0;1&amp;#0;?
[DEBUG] 2018-10-07 19:55:34,765 method:org.apache.ibatis.io.DefaultVFS.findJarForResource(DefaultVFS.java:222)
Find JAR URL: file:/F:/workspace/2018/new/bwts-dao/target/classes/com/dlri/chinacnr/bwts/entity/DetectionRecord.class
[DEBUG] 2018-10-07 19:55:34,765 method:org.apache.ibatis.io.DefaultVFS.findJarForResource(DefaultVFS.java:248)
Not a JAR: file:/F:/workspace/2018/new/bwts-dao/target/classes/com/dlri/chinacnr/bwts/entity/DetectionRecord.class
[DEBUG] 2018-10-07 19:55:34,766 method:org.apache.ibatis.io.DefaultVFS.list(DefaultVFS.java:102)
Reader entry: 漱壕&amp;#0;&amp;#0;&amp;#0;1&amp;#0;?
[DEBUG] 2018-10-07 19:55:34,767 method:org.apache.ibatis.io.DefaultVFS.findJarForResource(DefaultVFS.java:222)
Find JAR URL: file:/F:/workspace/2018/new/bwts-dao/target/classes/com/dlri/chinacnr/bwts/entity/DynRecord.class
[DEBUG] 2018-10-07 19:55:34,767 method:org.apache.ibatis.io.DefaultVFS.findJarForResource(DefaultVFS.java:248)
Not a JAR: file:/F:/workspace/2018/new/bwts-dao/target/classes/com/dlri/chinacnr/bwts/entity/DynRecord.class
[DEBUG] 2018-10-07 19:55:34,769 method:org.apache.ibatis.io.DefaultVFS.list(DefaultVFS.java:102)
Reader entry: 漱壕&amp;#0;&amp;#0;&amp;#0;1&amp;#1;&amp;#4;
[DEBUG] 2018-10-07 19:55:34,769 method:org.apache.ibatis.io.DefaultVFS.findJarForResource(DefaultVFS.java:222)
Find JAR URL: file:/F:/workspace/2018/new/bwts-dao/target/classes/com/dlri/chinacnr/bwts/entity/Page.class
[DEBUG] 2018-10-07 19:55:34,770 method:org.apache.ibatis.io.DefaultVFS.findJarForResource(DefaultVFS.java:248)
Not a JAR: file:/F:/workspace/2018/new/bwts-dao/target/classes/com/dlri/chinacnr/bwts/entity/Page.class
[DEBUG] 2018-10-07 19:55:34,771 method:org.apache.ibatis.io.DefaultVFS.list(DefaultVFS.java:102)
Reader entry: 漱壕&amp;#0;&amp;#0;&amp;#0;1&amp;#0;#
[DEBUG] 2018-10-07 19:55:34,771 method:org.apache.ibatis.io.DefaultVFS.findJarForResource(DefaultVFS.java:222)
Find JAR URL: file:/F:/workspace/2018/new/bwts-dao/target/classes/com/dlri/chinacnr/bwts/entity/Protocol.class
[DEBUG] 2018-10-07 19:55:34,772 method:org.apache.ibatis.io.DefaultVFS.findJarForResource(DefaultVFS.java:248)
Not a JAR: file:/F:/workspace/2018/new/bwts-dao/target/classes/com/dlri/chinacnr/bwts/entity/Protocol.class
[DEBUG] 2018-10-07 19:55:34,773 method:org.apache.ibatis.io.DefaultVFS.list(DefaultVFS.java:102)
Reader entry: 漱壕&amp;#0;&amp;#0;&amp;#0;1&amp;#0;V
[DEBUG] 2018-10-07 19:55:34,773 method:org.apache.ibatis.io.DefaultVFS.findJarForResource(DefaultVFS.java:222)
Find JAR URL: file:/F:/workspace/2018/new/bwts-dao/target/classes/com/dlri/chinacnr/bwts/entity/RecordTotal.class
[DEBUG] 2018-10-07 19:55:34,775 method:org.apache.ibatis.io.DefaultVFS.findJarForResource(DefaultVFS.java:248)
Not a JAR: file:/F:/workspace/2018/new/bwts-dao/target/classes/com/dlri/chinacnr/bwts/entity/RecordTotal.class
[DEBUG] 2018-10-07 19:55:34,789 method:org.apache.ibatis.io.DefaultVFS.list(DefaultVFS.java:102)
Reader entry: 漱壕&amp;#0;&amp;#0;&amp;#0;1&amp;#0;&amp;#29;
[DEBUG] 2018-10-07 19:55:34,789 method:org.apache.ibatis.io.DefaultVFS.findJarForResource(DefaultVFS.java:222)
Find JAR URL: file:/F:/workspace/2018/new/bwts-dao/target/classes/com/dlri/chinacnr/bwts/entity/ScheduleJob.class
[DEBUG] 2018-10-07 19:55:34,790 method:org.apache.ibatis.io.DefaultVFS.findJarForResource(DefaultVFS.java:248)
Not a JAR: file:/F:/workspace/2018/new/bwts-dao/target/classes/com/dlri/chinacnr/bwts/entity/ScheduleJob.class
[DEBUG] 2018-10-07 19:55:34,790 method:org.apache.ibatis.io.DefaultVFS.list(DefaultVFS.java:102)
Reader entry: 漱壕&amp;#0;&amp;#0;&amp;#0;1&amp;#0;J
[DEBUG] 2018-10-07 19:55:34,791 method:org.apache.ibatis.io.DefaultVFS.findJarForResource(DefaultVFS.java:222)
Find JAR URL: file:/F:/workspace/2018/new/bwts-dao/target/classes/com/dlri/chinacnr/bwts/entity/Statistical.class
[DEBUG] 2018-10-07 19:55:34,791 method:org.apache.ibatis.io.DefaultVFS.findJarForResource(DefaultVFS.java:248)
Not a JAR: file:/F:/workspace/2018/new/bwts-dao/target/classes/com/dlri/chinacnr/bwts/entity/Statistical.class
[DEBUG] 2018-10-07 19:55:34,792 method:org.apache.ibatis.io.DefaultVFS.list(DefaultVFS.java:102)
Reader entry: 漱壕&amp;#0;&amp;#0;&amp;#0;1&amp;#0;(
[DEBUG] 2018-10-07 19:55:34,792 method:org.apache.ibatis.io.DefaultVFS.findJarForResource(DefaultVFS.java:222)
Find JAR URL: file:/F:/workspace/2018/new/bwts-dao/target/classes/com/dlri/chinacnr/bwts/entity/User.class
[DEBUG] 2018-10-07 19:55:34,793 method:org.apache.ibatis.io.DefaultVFS.findJarForResource(DefaultVFS.java:248)
Not a JAR: file:/F:/workspace/2018/new/bwts-dao/target/classes/com/dlri/chinacnr/bwts/entity/User.class
[DEBUG] 2018-10-07 19:55:34,793 method:org.apache.ibatis.io.DefaultVFS.list(DefaultVFS.java:102)
Reader entry: 漱壕&amp;#0;&amp;#0;&amp;#0;1&amp;#0;_
[DEBUG] 2018-10-07 19:55:34,794 method:org.apache.ibatis.io.ResolverUtil.addIfMatching(ResolverUtil.java:256)
Checking to see if class com.dlri.chinacnr.bwts.entity.DetectionDetails matches criteria [is assignable to Object]
[DEBUG] 2018-10-07 19:55:34,794 method:org.apache.ibatis.io.ResolverUtil.addIfMatching(ResolverUtil.java:256)
Checking to see if class com.dlri.chinacnr.bwts.entity.DetectionRecord matches criteria [is assignable to Object]
[DEBUG] 2018-10-07 19:55:34,796 method:org.apache.ibatis.io.ResolverUtil.addIfMatching(ResolverUtil.java:256)
Checking to see if class com.dlri.chinacnr.bwts.entity.DynRecord matches criteria [is assignable to Object]
[DEBUG] 2018-10-07 19:55:34,797 method:org.apache.ibatis.io.ResolverUtil.addIfMatching(ResolverUtil.java:256)
Checking to see if class com.dlri.chinacnr.bwts.entity.Page matches criteria [is assignable to Object]
[DEBUG] 2018-10-07 19:55:34,798 method:org.apache.ibatis.io.ResolverUtil.addIfMatching(ResolverUtil.java:256)
Checking to see if class com.dlri.chinacnr.bwts.entity.Protocol matches criteria [is assignable to Object]
[DEBUG] 2018-10-07 19:55:34,798 method:org.apache.ibatis.io.ResolverUtil.addIfMatching(ResolverUtil.java:256)
Checking to see if class com.dlri.chinacnr.bwts.entity.RecordTotal matches criteria [is assignable to Object]
[DEBUG] 2018-10-07 19:55:34,798 method:org.apache.ibatis.io.ResolverUtil.addIfMatching(ResolverUtil.java:256)
Checking to see if class com.dlri.chinacnr.bwts.entity.ScheduleJob matches criteria [is assignable to Object]
[DEBUG] 2018-10-07 19:55:34,798 method:org.apache.ibatis.io.ResolverUtil.addIfMatching(ResolverUtil.java:256)
Checking to see if class com.dlri.chinacnr.bwts.entity.Statistical matches criteria [is assignable to Object]
[DEBUG] 2018-10-07 19:55:34,799 method:org.apache.ibatis.io.ResolverUtil.addIfMatching(ResolverUtil.java:256)
Checking to see if class com.dlri.chinacnr.bwts.entity.User matches criteria [is assignable to Object]
Logging initialized using &apos;class org.apache.ibatis.logging.stdout.StdOutImpl&apos; adapter.
</system-out>
  </testcase>
</testsuite>