<?xml version="1.0" encoding="UTF-8" ?>
<testsuite tests="4" failures="0" name="com.dlri.chinacnr.bwts.dao.detectionDetailsDaoTest" time="0.579" errors="4" skipped="0">
  <properties>
[...]
</properties>
  <testcase classname="com.dlri.chinacnr.bwts.dao.detectionDetailsDaoTest" name="testQueryDetectionRecordByCondition" time="0.399">
    <error message="Type interface com.dlri.chinacnr.bwts.dao.DetectionDetailsDao is not known to the MapperRegistry." type="org.apache.ibatis.binding.BindingException">org.apache.ibatis.binding.BindingException: Type interface com.dlri.chinacnr.bwts.dao.DetectionDetailsDao is not known to the MapperRegistry.
	at org.apache.ibatis.binding.MapperRegistry.getMapper(MapperRegistry.java:47)
	at org.apache.ibatis.session.Configuration.getMapper(Configuration.java:745)
	at org.apache.ibatis.session.defaults.DefaultSqlSession.getMapper(DefaultSqlSession.java:292)
	at com.dlri.chinacnr.bwts.dao.detectionDetailsDaoTest.testQueryDetectionRecordByCondition(detectionDetailsDaoTest.java:90)
	at sun.reflect.NativeMethodAccessorImpl.invoke0(Native Method)
	at sun.reflect.NativeMethodAccessorImpl.invoke(NativeMethodAccessorImpl.java:62)
	at sun.reflect.DelegatingMethodAccessorImpl.invoke(DelegatingMethodAccessorImpl.java:43)
	at java.lang.reflect.Method.invoke(Method.java:498)
	at org.junit.runners.model.FrameworkMethod$1.runReflectiveCall(FrameworkMethod.java:50)
	at org.junit.internal.runners.model.ReflectiveCallable.run(ReflectiveCallable.java:12)
	at org.junit.runners.model.FrameworkMethod.invokeExplosively(FrameworkMethod.java:47)
	at org.junit.internal.runners.statements.InvokeMethod.evaluate(InvokeMethod.java:17)
	at org.junit.runners.ParentRunner.runLeaf(ParentRunner.java:325)
	at org.junit.runners.BlockJUnit4ClassRunner.runChild(BlockJUnit4ClassRunner.java:78)
	at org.junit.runners.BlockJUnit4ClassRunner.runChild(BlockJUnit4ClassRunner.java:57)
	at org.junit.runners.ParentRunner$3.run(ParentRunner.java:290)
	at org.junit.runners.ParentRunner$1.schedule(ParentRunner.java:71)
	at org.junit.runners.ParentRunner.runChildren(ParentRunner.java:288)
	at org.junit.runners.ParentRunner.access$000(ParentRunner.java:58)
	at org.junit.runners.ParentRunner$2.evaluate(ParentRunner.java:268)
	at org.junit.runners.ParentRunner.run(ParentRunner.java:363)
	at org.apache.maven.surefire.junit4.JUnit4Provider.execute(JUnit4Provider.java:252)
	at org.apache.maven.surefire.junit4.JUnit4Provider.executeTestSet(JUnit4Provider.java:141)
	at org.apache.maven.surefire.junit4.JUnit4Provider.invoke(JUnit4Provider.java:112)
	at sun.reflect.NativeMethodAccessorImpl.invoke0(Native Method)
	at sun.reflect.NativeMethodAccessorImpl.invoke(NativeMethodAccessorImpl.java:62)
	at sun.reflect.DelegatingMethodAccessorImpl.invoke(DelegatingMethodAccessorImpl.java:43)
	at java.lang.reflect.Method.invoke(Method.java:498)
	at org.apache.maven.surefire.util.ReflectionUtils.invokeMethodWithArray(ReflectionUtils.java:189)
	at org.apache.maven.surefire.booter.ProviderFactory$ProviderProxy.invoke(ProviderFactory.java:165)
	at org.apache.maven.surefire.booter.ProviderFactory.invokeProvider(ProviderFactory.java:85)
	at org.apache.maven.surefire.booter.ForkedBooter.runSuitesInProcess(ForkedBooter.java:115)
	at org.apache.maven.surefire.booter.ForkedBooter.main(ForkedBooter.java:75)
</error>
    <system-out>[DEBUG] 2018-10-07 19:55:34,037 method:org.apache.ibatis.logging.LogFactory.setImplementation(LogFactory.java:135)
Logging initialized using &apos;class org.apache.ibatis.logging.log4j.Log4jImpl&apos; adapter.
[DEBUG] 2018-10-07 19:55:34,165 method:org.apache.ibatis.io.VFS.getClass(VFS.java:111)
Class not found: org.jboss.vfs.VFS
[DEBUG] 2018-10-07 19:55:34,166 method:org.apache.ibatis.io.JBoss6VFS.setInvalid(JBoss6VFS.java:142)
JBoss 6 VFS API is not available in this environment.
[DEBUG] 2018-10-07 19:55:34,167 method:org.apache.ibatis.io.VFS.getClass(VFS.java:111)
Class not found: org.jboss.vfs.VirtualFile
[DEBUG] 2018-10-07 19:55:34,167 method:org.apache.ibatis.io.VFS$VFSHolder.createVFS(VFS.java:63)
VFS implementation org.apache.ibatis.io.JBoss6VFS is not valid in this environment.
[DEBUG] 2018-10-07 19:55:34,168 method:org.apache.ibatis.io.VFS$VFSHolder.createVFS(VFS.java:77)
Using VFS adapter org.apache.ibatis.io.DefaultVFS
[DEBUG] 2018-10-07 19:55:34,169 method:org.apache.ibatis.io.DefaultVFS.findJarForResource(DefaultVFS.java:222)
Find JAR URL: file:/F:/workspace/2018/new/bwts-dao/target/classes/com/dlri/chinacnr/bwts/entity
[DEBUG] 2018-10-07 19:55:34,170 method:org.apache.ibatis.io.DefaultVFS.findJarForResource(DefaultVFS.java:248)
Not a JAR: file:/F:/workspace/2018/new/bwts-dao/target/classes/com/dlri/chinacnr/bwts/entity
[DEBUG] 2018-10-07 19:55:34,214 method:org.apache.ibatis.io.DefaultVFS.list(DefaultVFS.java:102)
Reader entry: DetectionDetails.class
[DEBUG] 2018-10-07 19:55:34,216 method:org.apache.ibatis.io.DefaultVFS.list(DefaultVFS.java:102)
Reader entry: DetectionRecord.class
[DEBUG] 2018-10-07 19:55:34,220 method:org.apache.ibatis.io.DefaultVFS.list(DefaultVFS.java:102)
Reader entry: DynRecord.class
[DEBUG] 2018-10-07 19:55:34,222 method:org.apache.ibatis.io.DefaultVFS.list(DefaultVFS.java:102)
Reader entry: Page.class
[DEBUG] 2018-10-07 19:55:34,223 method:org.apache.ibatis.io.DefaultVFS.list(DefaultVFS.java:102)
Reader entry: Protocol.class
[DEBUG] 2018-10-07 19:55:34,224 method:org.apache.ibatis.io.DefaultVFS.list(DefaultVFS.java:102)
Reader entry: RecordTotal.class
[DEBUG] 2018-10-07 19:55:34,225 method:org.apache.ibatis.io.DefaultVFS.list(DefaultVFS.java:102)
Reader entry: ScheduleJob.class
[DEBUG] 2018-10-07 19:55:34,226 method:org.apache.ibatis.io.DefaultVFS.list(DefaultVFS.java:102)
Reader entry: Statistical.class
[DEBUG] 2018-10-07 19:55:34,228 method:org.apache.ibatis.io.DefaultVFS.list(DefaultVFS.java:102)
Reader entry: User.class
[DEBUG] 2018-10-07 19:55:34,229 method:org.apache.ibatis.io.DefaultVFS.list(DefaultVFS.java:113)
Listing file:/F:/workspace/2018/new/bwts-dao/target/classes/com/dlri/chinacnr/bwts/entity
[DEBUG] 2018-10-07 19:55:34,229 method:org.apache.ibatis.io.DefaultVFS.findJarForResource(DefaultVFS.java:222)
Find JAR URL: file:/F:/workspace/2018/new/bwts-dao/target/classes/com/dlri/chinacnr/bwts/entity/DetectionDetails.class
[DEBUG] 2018-10-07 19:55:34,230 method:org.apache.ibatis.io.DefaultVFS.findJarForResource(DefaultVFS.java:248)
Not a JAR: file:/F:/workspace/2018/new/bwts-dao/target/classes/com/dlri/chinacnr/bwts/entity/DetectionDetails.class
[DEBUG] 2018-10-07 19:55:34,232 method:org.apache.ibatis.io.DefaultVFS.list(DefaultVFS.java:102)
Reader entry: 漱壕&amp;#0;&amp;#0;&amp;#0;1&amp;#0;?
[DEBUG] 2018-10-07 19:55:34,233 method:org.apache.ibatis.io.DefaultVFS.findJarForResource(DefaultVFS.java:222)
Find JAR URL: file:/F:/workspace/2018/new/bwts-dao/target/classes/com/dlri/chinacnr/bwts/entity/DetectionRecord.class
[DEBUG] 2018-10-07 19:55:34,233 method:org.apache.ibatis.io.DefaultVFS.findJarForResource(DefaultVFS.java:248)
Not a JAR: file:/F:/workspace/2018/new/bwts-dao/target/classes/com/dlri/chinacnr/bwts/entity/DetectionRecord.class
[DEBUG] 2018-10-07 19:55:34,237 method:org.apache.ibatis.io.DefaultVFS.list(DefaultVFS.java:102)
Reader entry: 漱壕&amp;#0;&amp;#0;&amp;#0;1&amp;#0;?
[DEBUG] 2018-10-07 19:55:34,238 method:org.apache.ibatis.io.DefaultVFS.findJarForResource(DefaultVFS.java:222)
Find JAR URL: file:/F:/workspace/2018/new/bwts-dao/target/classes/com/dlri/chinacnr/bwts/entity/DynRecord.class
[DEBUG] 2018-10-07 19:55:34,239 method:org.apache.ibatis.io.DefaultVFS.findJarForResource(DefaultVFS.java:248)
Not a JAR: file:/F:/workspace/2018/new/bwts-dao/target/classes/com/dlri/chinacnr/bwts/entity/DynRecord.class
[DEBUG] 2018-10-07 19:55:34,242 method:org.apache.ibatis.io.DefaultVFS.list(DefaultVFS.java:102)
Reader entry: 漱壕&amp;#0;&amp;#0;&amp;#0;1&amp;#1;&amp;#4;
[DEBUG] 2018-10-07 19:55:34,243 method:org.apache.ibatis.io.DefaultVFS.findJarForResource(DefaultVFS.java:222)
Find JAR URL: file:/F:/workspace/2018/new/bwts-dao/target/classes/com/dlri/chinacnr/bwts/entity/Page.class
[DEBUG] 2018-10-07 19:55:34,243 method:org.apache.ibatis.io.DefaultVFS.findJarForResource(DefaultVFS.java:248)
Not a JAR: file:/F:/workspace/2018/new/bwts-dao/target/classes/com/dlri/chinacnr/bwts/entity/Page.class
[DEBUG] 2018-10-07 19:55:34,244 method:org.apache.ibatis.io.DefaultVFS.list(DefaultVFS.java:102)
Reader entry: 漱壕&amp;#0;&amp;#0;&amp;#0;1&amp;#0;#
[DEBUG] 2018-10-07 19:55:34,245 method:org.apache.ibatis.io.DefaultVFS.findJarForResource(DefaultVFS.java:222)
Find JAR URL: file:/F:/workspace/2018/new/bwts-dao/target/classes/com/dlri/chinacnr/bwts/entity/Protocol.class
[DEBUG] 2018-10-07 19:55:34,245 method:org.apache.ibatis.io.DefaultVFS.findJarForResource(DefaultVFS.java:248)
Not a JAR: file:/F:/workspace/2018/new/bwts-dao/target/classes/com/dlri/chinacnr/bwts/entity/Protocol.class
[DEBUG] 2018-10-07 19:55:34,247 method:org.apache.ibatis.io.DefaultVFS.list(DefaultVFS.java:102)
Reader entry: 漱壕&amp;#0;&amp;#0;&amp;#0;1&amp;#0;V
[DEBUG] 2018-10-07 19:55:34,248 method:org.apache.ibatis.io.DefaultVFS.findJarForResource(DefaultVFS.java:222)
Find JAR URL: file:/F:/workspace/2018/new/bwts-dao/target/classes/com/dlri/chinacnr/bwts/entity/RecordTotal.class
[DEBUG] 2018-10-07 19:55:34,249 method:org.apache.ibatis.io.DefaultVFS.findJarForResource(DefaultVFS.java:248)
Not a JAR: file:/F:/workspace/2018/new/bwts-dao/target/classes/com/dlri/chinacnr/bwts/entity/RecordTotal.class
[DEBUG] 2018-10-07 19:55:34,250 method:org.apache.ibatis.io.DefaultVFS.list(DefaultVFS.java:102)
Reader entry: 漱壕&amp;#0;&amp;#0;&amp;#0;1&amp;#0;&amp;#29;
[DEBUG] 2018-10-07 19:55:34,251 method:org.apache.ibatis.io.DefaultVFS.findJarForResource(DefaultVFS.java:222)
Find JAR URL: file:/F:/workspace/2018/new/bwts-dao/target/classes/com/dlri/chinacnr/bwts/entity/ScheduleJob.class
[DEBUG] 2018-10-07 19:55:34,252 method:org.apache.ibatis.io.DefaultVFS.findJarForResource(DefaultVFS.java:248)
Not a JAR: file:/F:/workspace/2018/new/bwts-dao/target/classes/com/dlri/chinacnr/bwts/entity/ScheduleJob.class
[DEBUG] 2018-10-07 19:55:34,255 method:org.apache.ibatis.io.DefaultVFS.list(DefaultVFS.java:102)
Reader entry: 漱壕&amp;#0;&amp;#0;&amp;#0;1&amp;#0;J
[DEBUG] 2018-10-07 19:55:34,256 method:org.apache.ibatis.io.DefaultVFS.findJarForResource(DefaultVFS.java:222)
Find JAR URL: file:/F:/workspace/2018/new/bwts-dao/target/classes/com/dlri/chinacnr/bwts/entity/Statistical.class
[DEBUG] 2018-10-07 19:55:34,256 method:org.apache.ibatis.io.DefaultVFS.findJarForResource(DefaultVFS.java:248)
Not a JAR: file:/F:/workspace/2018/new/bwts-dao/target/classes/com/dlri/chinacnr/bwts/entity/Statistical.class
[DEBUG] 2018-10-07 19:55:34,258 method:org.apache.ibatis.io.DefaultVFS.list(DefaultVFS.java:102)
Reader entry: 漱壕&amp;#0;&amp;#0;&amp;#0;1&amp;#0;(
[DEBUG] 2018-10-07 19:55:34,259 method:org.apache.ibatis.io.DefaultVFS.findJarForResource(DefaultVFS.java:222)
Find JAR URL: file:/F:/workspace/2018/new/bwts-dao/target/classes/com/dlri/chinacnr/bwts/entity/User.class
[DEBUG] 2018-10-07 19:55:34,260 method:org.apache.ibatis.io.DefaultVFS.findJarForResource(DefaultVFS.java:248)
Not a JAR: file:/F:/workspace/2018/new/bwts-dao/target/classes/com/dlri/chinacnr/bwts/entity/User.class
[DEBUG] 2018-10-07 19:55:34,261 method:org.apache.ibatis.io.DefaultVFS.list(DefaultVFS.java:102)
Reader entry: 漱壕&amp;#0;&amp;#0;&amp;#0;1&amp;#0;_
[DEBUG] 2018-10-07 19:55:34,262 method:org.apache.ibatis.io.ResolverUtil.addIfMatching(ResolverUtil.java:256)
Checking to see if class com.dlri.chinacnr.bwts.entity.DetectionDetails matches criteria [is assignable to Object]
[DEBUG] 2018-10-07 19:55:34,263 method:org.apache.ibatis.io.ResolverUtil.addIfMatching(ResolverUtil.java:256)
Checking to see if class com.dlri.chinacnr.bwts.entity.DetectionRecord matches criteria [is assignable to Object]
[DEBUG] 2018-10-07 19:55:34,264 method:org.apache.ibatis.io.ResolverUtil.addIfMatching(ResolverUtil.java:256)
Checking to see if class com.dlri.chinacnr.bwts.entity.DynRecord matches criteria [is assignable to Object]
[DEBUG] 2018-10-07 19:55:34,265 method:org.apache.ibatis.io.ResolverUtil.addIfMatching(ResolverUtil.java:256)
Checking to see if class com.dlri.chinacnr.bwts.entity.Page matches criteria [is assignable to Object]
[DEBUG] 2018-10-07 19:55:34,265 method:org.apache.ibatis.io.ResolverUtil.addIfMatching(ResolverUtil.java:256)
Checking to see if class com.dlri.chinacnr.bwts.entity.Protocol matches criteria [is assignable to Object]
[DEBUG] 2018-10-07 19:55:34,265 method:org.apache.ibatis.io.ResolverUtil.addIfMatching(ResolverUtil.java:256)
Checking to see if class com.dlri.chinacnr.bwts.entity.RecordTotal matches criteria [is assignable to Object]
[DEBUG] 2018-10-07 19:55:34,266 method:org.apache.ibatis.io.ResolverUtil.addIfMatching(ResolverUtil.java:256)
Checking to see if class com.dlri.chinacnr.bwts.entity.ScheduleJob matches criteria [is assignable to Object]
[DEBUG] 2018-10-07 19:55:34,267 method:org.apache.ibatis.io.ResolverUtil.addIfMatching(ResolverUtil.java:256)
Checking to see if class com.dlri.chinacnr.bwts.entity.Statistical matches criteria [is assignable to Object]
[DEBUG] 2018-10-07 19:55:34,267 method:org.apache.ibatis.io.ResolverUtil.addIfMatching(ResolverUtil.java:256)
Checking to see if class com.dlri.chinacnr.bwts.entity.User matches criteria [is assignable to Object]
Logging initialized using &apos;class org.apache.ibatis.logging.stdout.StdOutImpl&apos; adapter.
</system-out>
  </testcase>
  <testcase classname="com.dlri.chinacnr.bwts.dao.detectionDetailsDaoTest" name="testInsertOneDetectionDetails" time="0.083">
    <error message="Type interface com.dlri.chinacnr.bwts.dao.DetectionDetailsDao is not known to the MapperRegistry." type="org.apache.ibatis.binding.BindingException">org.apache.ibatis.binding.BindingException: Type interface com.dlri.chinacnr.bwts.dao.DetectionDetailsDao is not known to the MapperRegistry.
	at org.apache.ibatis.binding.MapperRegistry.getMapper(MapperRegistry.java:47)
	at org.apache.ibatis.session.Configuration.getMapper(Configuration.java:745)
	at org.apache.ibatis.session.defaults.DefaultSqlSession.getMapper(DefaultSqlSession.java:292)
	at com.dlri.chinacnr.bwts.dao.impl.DetectionDetailsDaoImpl.insertOneDetectionDetails(DetectionDetailsDaoImpl.java:34)
	at com.dlri.chinacnr.bwts.dao.detectionDetailsDaoTest.testInsertOneDetectionDetails(detectionDetailsDaoTest.java:33)
	at sun.reflect.NativeMethodAccessorImpl.invoke0(Native Method)
	at sun.reflect.NativeMethodAccessorImpl.invoke(NativeMethodAccessorImpl.java:62)
	at sun.reflect.DelegatingMethodAccessorImpl.invoke(DelegatingMethodAccessorImpl.java:43)
	at java.lang.reflect.Method.invoke(Method.java:498)
	at org.junit.runners.model.FrameworkMethod$1.runReflectiveCall(FrameworkMethod.java:50)
	at org.junit.internal.runners.model.ReflectiveCallable.run(ReflectiveCallable.java:12)
	at org.junit.runners.model.FrameworkMethod.invokeExplosively(FrameworkMethod.java:47)
	at org.junit.internal.runners.statements.InvokeMethod.evaluate(InvokeMethod.java:17)
	at org.junit.runners.ParentRunner.runLeaf(ParentRunner.java:325)
	at org.junit.runners.BlockJUnit4ClassRunner.runChild(BlockJUnit4ClassRunner.java:78)
	at org.junit.runners.BlockJUnit4ClassRunner.runChild(BlockJUnit4ClassRunner.java:57)
	at org.junit.runners.ParentRunner$3.run(ParentRunner.java:290)
	at org.junit.runners.ParentRunner$1.schedule(ParentRunner.java:71)
	at org.junit.runners.ParentRunner.runChildren(ParentRunner.java:288)
	at org.junit.runners.ParentRunner.access$000(ParentRunner.java:58)
	at org.junit.runners.ParentRunner$2.evaluate(ParentRunner.java:268)
	at org.junit.runners.ParentRunner.run(ParentRunner.java:363)
	at org.apache.maven.surefire.junit4.JUnit4Provider.execute(JUnit4Provider.java:252)
	at org.apache.maven.surefire.junit4.JUnit4Provider.executeTestSet(JUnit4Provider.java:141)
	at org.apache.maven.surefire.junit4.JUnit4Provider.invoke(JUnit4Provider.java:112)
	at sun.reflect.NativeMethodAccessorImpl.invoke0(Native Method)
	at sun.reflect.NativeMethodAccessorImpl.invoke(NativeMethodAccessorImpl.java:62)
	at sun.reflect.DelegatingMethodAccessorImpl.invoke(DelegatingMethodAccessorImpl.java:43)
	at java.lang.reflect.Method.invoke(Method.java:498)
	at org.apache.maven.surefire.util.ReflectionUtils.invokeMethodWithArray(ReflectionUtils.java:189)
	at org.apache.maven.surefire.booter.ProviderFactory$ProviderProxy.invoke(ProviderFactory.java:165)
	at org.apache.maven.surefire.booter.ProviderFactory.invokeProvider(ProviderFactory.java:85)
	at org.apache.maven.surefire.booter.ForkedBooter.runSuitesInProcess(ForkedBooter.java:115)
	at org.apache.maven.surefire.booter.ForkedBooter.main(ForkedBooter.java:75)
</error>
    <system-out>[DEBUG] 2018-10-07 19:55:34,330 method:org.apache.ibatis.io.DefaultVFS.findJarForResource(DefaultVFS.java:222)
Find JAR URL: file:/F:/workspace/2018/new/bwts-dao/target/classes/com/dlri/chinacnr/bwts/entity
[DEBUG] 2018-10-07 19:55:34,330 method:org.apache.ibatis.io.DefaultVFS.findJarForResource(DefaultVFS.java:248)
Not a JAR: file:/F:/workspace/2018/new/bwts-dao/target/classes/com/dlri/chinacnr/bwts/entity
[DEBUG] 2018-10-07 19:55:34,332 method:org.apache.ibatis.io.DefaultVFS.list(DefaultVFS.java:102)
Reader entry: DetectionDetails.class
[DEBUG] 2018-10-07 19:55:34,333 method:org.apache.ibatis.io.DefaultVFS.list(DefaultVFS.java:102)
Reader entry: DetectionRecord.class
[DEBUG] 2018-10-07 19:55:34,333 method:org.apache.ibatis.io.DefaultVFS.list(DefaultVFS.java:102)
Reader entry: DynRecord.class
[DEBUG] 2018-10-07 19:55:34,334 method:org.apache.ibatis.io.DefaultVFS.list(DefaultVFS.java:102)
Reader entry: Page.class
[DEBUG] 2018-10-07 19:55:34,335 method:org.apache.ibatis.io.DefaultVFS.list(DefaultVFS.java:102)
Reader entry: Protocol.class
[DEBUG] 2018-10-07 19:55:34,336 method:org.apache.ibatis.io.DefaultVFS.list(DefaultVFS.java:102)
Reader entry: RecordTotal.class
[DEBUG] 2018-10-07 19:55:34,337 method:org.apache.ibatis.io.DefaultVFS.list(DefaultVFS.java:102)
Reader entry: ScheduleJob.class
[DEBUG] 2018-10-07 19:55:34,338 method:org.apache.ibatis.io.DefaultVFS.list(DefaultVFS.java:102)
Reader entry: Statistical.class
[DEBUG] 2018-10-07 19:55:34,339 method:org.apache.ibatis.io.DefaultVFS.list(DefaultVFS.java:102)
Reader entry: User.class
[DEBUG] 2018-10-07 19:55:34,340 method:org.apache.ibatis.io.DefaultVFS.list(DefaultVFS.java:113)
Listing file:/F:/workspace/2018/new/bwts-dao/target/classes/com/dlri/chinacnr/bwts/entity
[DEBUG] 2018-10-07 19:55:34,340 method:org.apache.ibatis.io.DefaultVFS.findJarForResource(DefaultVFS.java:222)
Find JAR URL: file:/F:/workspace/2018/new/bwts-dao/target/classes/com/dlri/chinacnr/bwts/entity/DetectionDetails.class
[DEBUG] 2018-10-07 19:55:34,340 method:org.apache.ibatis.io.DefaultVFS.findJarForResource(DefaultVFS.java:248)
Not a JAR: file:/F:/workspace/2018/new/bwts-dao/target/classes/com/dlri/chinacnr/bwts/entity/DetectionDetails.class
[DEBUG] 2018-10-07 19:55:34,342 method:org.apache.ibatis.io.DefaultVFS.list(DefaultVFS.java:102)
Reader entry: 漱壕&amp;#0;&amp;#0;&amp;#0;1&amp;#0;?
[DEBUG] 2018-10-07 19:55:34,342 method:org.apache.ibatis.io.DefaultVFS.findJarForResource(DefaultVFS.java:222)
Find JAR URL: file:/F:/workspace/2018/new/bwts-dao/target/classes/com/dlri/chinacnr/bwts/entity/DetectionRecord.class
[DEBUG] 2018-10-07 19:55:34,346 method:org.apache.ibatis.io.DefaultVFS.findJarForResource(DefaultVFS.java:248)
Not a JAR: file:/F:/workspace/2018/new/bwts-dao/target/classes/com/dlri/chinacnr/bwts/entity/DetectionRecord.class
[DEBUG] 2018-10-07 19:55:34,348 method:org.apache.ibatis.io.DefaultVFS.list(DefaultVFS.java:102)
Reader entry: 漱壕&amp;#0;&amp;#0;&amp;#0;1&amp;#0;?
[DEBUG] 2018-10-07 19:55:34,349 method:org.apache.ibatis.io.DefaultVFS.findJarForResource(DefaultVFS.java:222)
Find JAR URL: file:/F:/workspace/2018/new/bwts-dao/target/classes/com/dlri/chinacnr/bwts/entity/DynRecord.class
[DEBUG] 2018-10-07 19:55:34,350 method:org.apache.ibatis.io.DefaultVFS.findJarForResource(DefaultVFS.java:248)
Not a JAR: file:/F:/workspace/2018/new/bwts-dao/target/classes/com/dlri/chinacnr/bwts/entity/DynRecord.class
[DEBUG] 2018-10-07 19:55:34,351 method:org.apache.ibatis.io.DefaultVFS.list(DefaultVFS.java:102)
Reader entry: 漱壕&amp;#0;&amp;#0;&amp;#0;1&amp;#1;&amp;#4;
[DEBUG] 2018-10-07 19:55:34,353 method:org.apache.ibatis.io.DefaultVFS.findJarForResource(DefaultVFS.java:222)
Find JAR URL: file:/F:/workspace/2018/new/bwts-dao/target/classes/com/dlri/chinacnr/bwts/entity/Page.class
[DEBUG] 2018-10-07 19:55:34,353 method:org.apache.ibatis.io.DefaultVFS.findJarForResource(DefaultVFS.java:248)
Not a JAR: file:/F:/workspace/2018/new/bwts-dao/target/classes/com/dlri/chinacnr/bwts/entity/Page.class
[DEBUG] 2018-10-07 19:55:34,354 method:org.apache.ibatis.io.DefaultVFS.list(DefaultVFS.java:102)
Reader entry: 漱壕&amp;#0;&amp;#0;&amp;#0;1&amp;#0;#
[DEBUG] 2018-10-07 19:55:34,355 method:org.apache.ibatis.io.DefaultVFS.findJarForResource(DefaultVFS.java:222)
Find JAR URL: file:/F:/workspace/2018/new/bwts-dao/target/classes/com/dlri/chinacnr/bwts/entity/Protocol.class
[DEBUG] 2018-10-07 19:55:34,356 method:org.apache.ibatis.io.DefaultVFS.findJarForResource(DefaultVFS.java:248)
Not a JAR: file:/F:/workspace/2018/new/bwts-dao/target/classes/com/dlri/chinacnr/bwts/entity/Protocol.class
[DEBUG] 2018-10-07 19:55:34,357 method:org.apache.ibatis.io.DefaultVFS.list(DefaultVFS.java:102)
Reader entry: 漱壕&amp;#0;&amp;#0;&amp;#0;1&amp;#0;V
[DEBUG] 2018-10-07 19:55:34,357 method:org.apache.ibatis.io.DefaultVFS.findJarForResource(DefaultVFS.java:222)
Find JAR URL: file:/F:/workspace/2018/new/bwts-dao/target/classes/com/dlri/chinacnr/bwts/entity/RecordTotal.class
[DEBUG] 2018-10-07 19:55:34,358 method:org.apache.ibatis.io.DefaultVFS.findJarForResource(DefaultVFS.java:248)
Not a JAR: file:/F:/workspace/2018/new/bwts-dao/target/classes/com/dlri/chinacnr/bwts/entity/RecordTotal.class
[DEBUG] 2018-10-07 19:55:34,359 method:org.apache.ibatis.io.DefaultVFS.list(DefaultVFS.java:102)
Reader entry: 漱壕&amp;#0;&amp;#0;&amp;#0;1&amp;#0;&amp;#29;
[DEBUG] 2018-10-07 19:55:34,359 method:org.apache.ibatis.io.DefaultVFS.findJarForResource(DefaultVFS.java:222)
Find JAR URL: file:/F:/workspace/2018/new/bwts-dao/target/classes/com/dlri/chinacnr/bwts/entity/ScheduleJob.class
[DEBUG] 2018-10-07 19:55:34,360 method:org.apache.ibatis.io.DefaultVFS.findJarForResource(DefaultVFS.java:248)
Not a JAR: file:/F:/workspace/2018/new/bwts-dao/target/classes/com/dlri/chinacnr/bwts/entity/ScheduleJob.class
[DEBUG] 2018-10-07 19:55:34,361 method:org.apache.ibatis.io.DefaultVFS.list(DefaultVFS.java:102)
Reader entry: 漱壕&amp;#0;&amp;#0;&amp;#0;1&amp;#0;J
[DEBUG] 2018-10-07 19:55:34,361 method:org.apache.ibatis.io.DefaultVFS.findJarForResource(DefaultVFS.java:222)
Find JAR URL: file:/F:/workspace/2018/new/bwts-dao/target/classes/com/dlri/chinacnr/bwts/entity/Statistical.class
[DEBUG] 2018-10-07 19:55:34,362 method:org.apache.ibatis.io.DefaultVFS.findJarForResource(DefaultVFS.java:248)
Not a JAR: file:/F:/workspace/2018/new/bwts-dao/target/classes/com/dlri/chinacnr/bwts/entity/Statistical.class
[DEBUG] 2018-10-07 19:55:34,363 method:org.apache.ibatis.io.DefaultVFS.list(DefaultVFS.java:102)
Reader entry: 漱壕&amp;#0;&amp;#0;&amp;#0;1&amp;#0;(
[DEBUG] 2018-10-07 19:55:34,363 method:org.apache.ibatis.io.DefaultVFS.findJarForResource(DefaultVFS.java:222)
Find JAR URL: file:/F:/workspace/2018/new/bwts-dao/target/classes/com/dlri/chinacnr/bwts/entity/User.class
[DEBUG] 2018-10-07 19:55:34,367 method:org.apache.ibatis.io.DefaultVFS.findJarForResource(DefaultVFS.java:248)
Not a JAR: file:/F:/workspace/2018/new/bwts-dao/target/classes/com/dlri/chinacnr/bwts/entity/User.class
[DEBUG] 2018-10-07 19:55:34,368 method:org.apache.ibatis.io.DefaultVFS.list(DefaultVFS.java:102)
Reader entry: 漱壕&amp;#0;&amp;#0;&amp;#0;1&amp;#0;_
[DEBUG] 2018-10-07 19:55:34,369 method:org.apache.ibatis.io.ResolverUtil.addIfMatching(ResolverUtil.java:256)
Checking to see if class com.dlri.chinacnr.bwts.entity.DetectionDetails matches criteria [is assignable to Object]
[DEBUG] 2018-10-07 19:55:34,369 method:org.apache.ibatis.io.ResolverUtil.addIfMatching(ResolverUtil.java:256)
Checking to see if class com.dlri.chinacnr.bwts.entity.DetectionRecord matches criteria [is assignable to Object]
[DEBUG] 2018-10-07 19:55:34,369 method:org.apache.ibatis.io.ResolverUtil.addIfMatching(ResolverUtil.java:256)
Checking to see if class com.dlri.chinacnr.bwts.entity.DynRecord matches criteria [is assignable to Object]
[DEBUG] 2018-10-07 19:55:34,370 method:org.apache.ibatis.io.ResolverUtil.addIfMatching(ResolverUtil.java:256)
Checking to see if class com.dlri.chinacnr.bwts.entity.Page matches criteria [is assignable to Object]
[DEBUG] 2018-10-07 19:55:34,370 method:org.apache.ibatis.io.ResolverUtil.addIfMatching(ResolverUtil.java:256)
Checking to see if class com.dlri.chinacnr.bwts.entity.Protocol matches criteria [is assignable to Object]
[DEBUG] 2018-10-07 19:55:34,370 method:org.apache.ibatis.io.ResolverUtil.addIfMatching(ResolverUtil.java:256)
Checking to see if class com.dlri.chinacnr.bwts.entity.RecordTotal matches criteria [is assignable to Object]
[DEBUG] 2018-10-07 19:55:34,371 method:org.apache.ibatis.io.ResolverUtil.addIfMatching(ResolverUtil.java:256)
Checking to see if class com.dlri.chinacnr.bwts.entity.ScheduleJob matches criteria [is assignable to Object]
[DEBUG] 2018-10-07 19:55:34,371 method:org.apache.ibatis.io.ResolverUtil.addIfMatching(ResolverUtil.java:256)
Checking to see if class com.dlri.chinacnr.bwts.entity.Statistical matches criteria [is assignable to Object]
[DEBUG] 2018-10-07 19:55:34,372 method:org.apache.ibatis.io.ResolverUtil.addIfMatching(ResolverUtil.java:256)
Checking to see if class com.dlri.chinacnr.bwts.entity.User matches criteria [is assignable to Object]
Logging initialized using &apos;class org.apache.ibatis.logging.stdout.StdOutImpl&apos; adapter.
</system-out>
  </testcase>
  <testcase classname="com.dlri.chinacnr.bwts.dao.detectionDetailsDaoTest" name="testQueryOneDetectionDetails" time="0.043">
    <error message="Type interface com.dlri.chinacnr.bwts.dao.DetectionDetailsDao is not known to the MapperRegistry." type="org.apache.ibatis.binding.BindingException">org.apache.ibatis.binding.BindingException: Type interface com.dlri.chinacnr.bwts.dao.DetectionDetailsDao is not known to the MapperRegistry.
	at org.apache.ibatis.binding.MapperRegistry.getMapper(MapperRegistry.java:47)
	at org.apache.ibatis.session.Configuration.getMapper(Configuration.java:745)
	at org.apache.ibatis.session.defaults.DefaultSqlSession.getMapper(DefaultSqlSession.java:292)
	at com.dlri.chinacnr.bwts.dao.impl.DetectionDetailsDaoImpl.queryOneDetectionDetails(DetectionDetailsDaoImpl.java:19)
	at com.dlri.chinacnr.bwts.dao.detectionDetailsDaoTest.testQueryOneDetectionDetails(detectionDetailsDaoTest.java:81)
	at sun.reflect.NativeMethodAccessorImpl.invoke0(Native Method)
	at sun.reflect.NativeMethodAccessorImpl.invoke(NativeMethodAccessorImpl.java:62)
	at sun.reflect.DelegatingMethodAccessorImpl.invoke(DelegatingMethodAccessorImpl.java:43)
	at java.lang.reflect.Method.invoke(Method.java:498)
	at org.junit.runners.model.FrameworkMethod$1.runReflectiveCall(FrameworkMethod.java:50)
	at org.junit.internal.runners.model.ReflectiveCallable.run(ReflectiveCallable.java:12)
	at org.junit.runners.model.FrameworkMethod.invokeExplosively(FrameworkMethod.java:47)
	at org.junit.internal.runners.statements.InvokeMethod.evaluate(InvokeMethod.java:17)
	at org.junit.runners.ParentRunner.runLeaf(ParentRunner.java:325)
	at org.junit.runners.BlockJUnit4ClassRunner.runChild(BlockJUnit4ClassRunner.java:78)
	at org.junit.runners.BlockJUnit4ClassRunner.runChild(BlockJUnit4ClassRunner.java:57)
	at org.junit.runners.ParentRunner$3.run(ParentRunner.java:290)
	at org.junit.runners.ParentRunner$1.schedule(ParentRunner.java:71)
	at org.junit.runners.ParentRunner.runChildren(ParentRunner.java:288)
	at org.junit.runners.ParentRunner.access$000(ParentRunner.java:58)
	at org.junit.runners.ParentRunner$2.evaluate(ParentRunner.java:268)
	at org.junit.runners.ParentRunner.run(ParentRunner.java:363)
	at org.apache.maven.surefire.junit4.JUnit4Provider.execute(JUnit4Provider.java:252)
	at org.apache.maven.surefire.junit4.JUnit4Provider.executeTestSet(JUnit4Provider.java:141)
	at org.apache.maven.surefire.junit4.JUnit4Provider.invoke(JUnit4Provider.java:112)
	at sun.reflect.NativeMethodAccessorImpl.invoke0(Native Method)
	at sun.reflect.NativeMethodAccessorImpl.invoke(NativeMethodAccessorImpl.java:62)
	at sun.reflect.DelegatingMethodAccessorImpl.invoke(DelegatingMethodAccessorImpl.java:43)
	at java.lang.reflect.Method.invoke(Method.java:498)
	at org.apache.maven.surefire.util.ReflectionUtils.invokeMethodWithArray(ReflectionUtils.java:189)
	at org.apache.maven.surefire.booter.ProviderFactory$ProviderProxy.invoke(ProviderFactory.java:165)
	at org.apache.maven.surefire.booter.ProviderFactory.invokeProvider(ProviderFactory.java:85)
	at org.apache.maven.surefire.booter.ForkedBooter.runSuitesInProcess(ForkedBooter.java:115)
	at org.apache.maven.surefire.booter.ForkedBooter.main(ForkedBooter.java:75)
</error>
    <system-out>[DEBUG] 2018-10-07 19:55:34,399 method:org.apache.ibatis.io.DefaultVFS.findJarForResource(DefaultVFS.java:222)
Find JAR URL: file:/F:/workspace/2018/new/bwts-dao/target/classes/com/dlri/chinacnr/bwts/entity
[DEBUG] 2018-10-07 19:55:34,400 method:org.apache.ibatis.io.DefaultVFS.findJarForResource(DefaultVFS.java:248)
Not a JAR: file:/F:/workspace/2018/new/bwts-dao/target/classes/com/dlri/chinacnr/bwts/entity
[DEBUG] 2018-10-07 19:55:34,401 method:org.apache.ibatis.io.DefaultVFS.list(DefaultVFS.java:102)
Reader entry: DetectionDetails.class
[DEBUG] 2018-10-07 19:55:34,402 method:org.apache.ibatis.io.DefaultVFS.list(DefaultVFS.java:102)
Reader entry: DetectionRecord.class
[DEBUG] 2018-10-07 19:55:34,403 method:org.apache.ibatis.io.DefaultVFS.list(DefaultVFS.java:102)
Reader entry: DynRecord.class
[DEBUG] 2018-10-07 19:55:34,403 method:org.apache.ibatis.io.DefaultVFS.list(DefaultVFS.java:102)
Reader entry: Page.class
[DEBUG] 2018-10-07 19:55:34,404 method:org.apache.ibatis.io.DefaultVFS.list(DefaultVFS.java:102)
Reader entry: Protocol.class
[DEBUG] 2018-10-07 19:55:34,404 method:org.apache.ibatis.io.DefaultVFS.list(DefaultVFS.java:102)
Reader entry: RecordTotal.class
[DEBUG] 2018-10-07 19:55:34,405 method:org.apache.ibatis.io.DefaultVFS.list(DefaultVFS.java:102)
Reader entry: ScheduleJob.class
[DEBUG] 2018-10-07 19:55:34,405 method:org.apache.ibatis.io.DefaultVFS.list(DefaultVFS.java:102)
Reader entry: Statistical.class
[DEBUG] 2018-10-07 19:55:34,406 method:org.apache.ibatis.io.DefaultVFS.list(DefaultVFS.java:102)
Reader entry: User.class
[DEBUG] 2018-10-07 19:55:34,407 method:org.apache.ibatis.io.DefaultVFS.list(DefaultVFS.java:113)
Listing file:/F:/workspace/2018/new/bwts-dao/target/classes/com/dlri/chinacnr/bwts/entity
[DEBUG] 2018-10-07 19:55:34,407 method:org.apache.ibatis.io.DefaultVFS.findJarForResource(DefaultVFS.java:222)
Find JAR URL: file:/F:/workspace/2018/new/bwts-dao/target/classes/com/dlri/chinacnr/bwts/entity/DetectionDetails.class
[DEBUG] 2018-10-07 19:55:34,408 method:org.apache.ibatis.io.DefaultVFS.findJarForResource(DefaultVFS.java:248)
Not a JAR: file:/F:/workspace/2018/new/bwts-dao/target/classes/com/dlri/chinacnr/bwts/entity/DetectionDetails.class
[DEBUG] 2018-10-07 19:55:34,409 method:org.apache.ibatis.io.DefaultVFS.list(DefaultVFS.java:102)
Reader entry: 漱壕&amp;#0;&amp;#0;&amp;#0;1&amp;#0;?
[DEBUG] 2018-10-07 19:55:34,409 method:org.apache.ibatis.io.DefaultVFS.findJarForResource(DefaultVFS.java:222)
Find JAR URL: file:/F:/workspace/2018/new/bwts-dao/target/classes/com/dlri/chinacnr/bwts/entity/DetectionRecord.class
[DEBUG] 2018-10-07 19:55:34,410 method:org.apache.ibatis.io.DefaultVFS.findJarForResource(DefaultVFS.java:248)
Not a JAR: file:/F:/workspace/2018/new/bwts-dao/target/classes/com/dlri/chinacnr/bwts/entity/DetectionRecord.class
[DEBUG] 2018-10-07 19:55:34,411 method:org.apache.ibatis.io.DefaultVFS.list(DefaultVFS.java:102)
Reader entry: 漱壕&amp;#0;&amp;#0;&amp;#0;1&amp;#0;?
[DEBUG] 2018-10-07 19:55:34,411 method:org.apache.ibatis.io.DefaultVFS.findJarForResource(DefaultVFS.java:222)
Find JAR URL: file:/F:/workspace/2018/new/bwts-dao/target/classes/com/dlri/chinacnr/bwts/entity/DynRecord.class
[DEBUG] 2018-10-07 19:55:34,412 method:org.apache.ibatis.io.DefaultVFS.findJarForResource(DefaultVFS.java:248)
Not a JAR: file:/F:/workspace/2018/new/bwts-dao/target/classes/com/dlri/chinacnr/bwts/entity/DynRecord.class
[DEBUG] 2018-10-07 19:55:34,413 method:org.apache.ibatis.io.DefaultVFS.list(DefaultVFS.java:102)
Reader entry: 漱壕&amp;#0;&amp;#0;&amp;#0;1&amp;#1;&amp;#4;
[DEBUG] 2018-10-07 19:55:34,413 method:org.apache.ibatis.io.DefaultVFS.findJarForResource(DefaultVFS.java:222)
Find JAR URL: file:/F:/workspace/2018/new/bwts-dao/target/classes/com/dlri/chinacnr/bwts/entity/Page.class
[DEBUG] 2018-10-07 19:55:34,414 method:org.apache.ibatis.io.DefaultVFS.findJarForResource(DefaultVFS.java:248)
Not a JAR: file:/F:/workspace/2018/new/bwts-dao/target/classes/com/dlri/chinacnr/bwts/entity/Page.class
[DEBUG] 2018-10-07 19:55:34,414 method:org.apache.ibatis.io.DefaultVFS.list(DefaultVFS.java:102)
Reader entry: 漱壕&amp;#0;&amp;#0;&amp;#0;1&amp;#0;#
[DEBUG] 2018-10-07 19:55:34,415 method:org.apache.ibatis.io.DefaultVFS.findJarForResource(DefaultVFS.java:222)
Find JAR URL: file:/F:/workspace/2018/new/bwts-dao/target/classes/com/dlri/chinacnr/bwts/entity/Protocol.class
[DEBUG] 2018-10-07 19:55:34,416 method:org.apache.ibatis.io.DefaultVFS.findJarForResource(DefaultVFS.java:248)
Not a JAR: file:/F:/workspace/2018/new/bwts-dao/target/classes/com/dlri/chinacnr/bwts/entity/Protocol.class
[DEBUG] 2018-10-07 19:55:34,417 method:org.apache.ibatis.io.DefaultVFS.list(DefaultVFS.java:102)
Reader entry: 漱壕&amp;#0;&amp;#0;&amp;#0;1&amp;#0;V
[DEBUG] 2018-10-07 19:55:34,417 method:org.apache.ibatis.io.DefaultVFS.findJarForResource(DefaultVFS.java:222)
Find JAR URL: file:/F:/workspace/2018/new/bwts-dao/target/classes/com/dlri/chinacnr/bwts/entity/RecordTotal.class
[DEBUG] 2018-10-07 19:55:34,417 method:org.apache.ibatis.io.DefaultVFS.findJarForResource(DefaultVFS.java:248)
Not a JAR: file:/F:/workspace/2018/new/bwts-dao/target/classes/com/dlri/chinacnr/bwts/entity/RecordTotal.class
[DEBUG] 2018-10-07 19:55:34,418 method:org.apache.ibatis.io.DefaultVFS.list(DefaultVFS.java:102)
Reader entry: 漱壕&amp;#0;&amp;#0;&amp;#0;1&amp;#0;&amp;#29;
[DEBUG] 2018-10-07 19:55:34,419 method:org.apache.ibatis.io.DefaultVFS.findJarForResource(DefaultVFS.java:222)
Find JAR URL: file:/F:/workspace/2018/new/bwts-dao/target/classes/com/dlri/chinacnr/bwts/entity/ScheduleJob.class
[DEBUG] 2018-10-07 19:55:34,419 method:org.apache.ibatis.io.DefaultVFS.findJarForResource(DefaultVFS.java:248)
Not a JAR: file:/F:/workspace/2018/new/bwts-dao/target/classes/com/dlri/chinacnr/bwts/entity/ScheduleJob.class
[DEBUG] 2018-10-07 19:55:34,420 method:org.apache.ibatis.io.DefaultVFS.list(DefaultVFS.java:102)
Reader entry: 漱壕&amp;#0;&amp;#0;&amp;#0;1&amp;#0;J
[DEBUG] 2018-10-07 19:55:34,420 method:org.apache.ibatis.io.DefaultVFS.findJarForResource(DefaultVFS.java:222)
Find JAR URL: file:/F:/workspace/2018/new/bwts-dao/target/classes/com/dlri/chinacnr/bwts/entity/Statistical.class
[DEBUG] 2018-10-07 19:55:34,420 method:org.apache.ibatis.io.DefaultVFS.findJarForResource(DefaultVFS.java:248)
Not a JAR: file:/F:/workspace/2018/new/bwts-dao/target/classes/com/dlri/chinacnr/bwts/entity/Statistical.class
[DEBUG] 2018-10-07 19:55:34,421 method:org.apache.ibatis.io.DefaultVFS.list(DefaultVFS.java:102)
Reader entry: 漱壕&amp;#0;&amp;#0;&amp;#0;1&amp;#0;(
[DEBUG] 2018-10-07 19:55:34,422 method:org.apache.ibatis.io.DefaultVFS.findJarForResource(DefaultVFS.java:222)
Find JAR URL: file:/F:/workspace/2018/new/bwts-dao/target/classes/com/dlri/chinacnr/bwts/entity/User.class
[DEBUG] 2018-10-07 19:55:34,422 method:org.apache.ibatis.io.DefaultVFS.findJarForResource(DefaultVFS.java:248)
Not a JAR: file:/F:/workspace/2018/new/bwts-dao/target/classes/com/dlri/chinacnr/bwts/entity/User.class
[DEBUG] 2018-10-07 19:55:34,422 method:org.apache.ibatis.io.DefaultVFS.list(DefaultVFS.java:102)
Reader entry: 漱壕&amp;#0;&amp;#0;&amp;#0;1&amp;#0;_
[DEBUG] 2018-10-07 19:55:34,423 method:org.apache.ibatis.io.ResolverUtil.addIfMatching(ResolverUtil.java:256)
Checking to see if class com.dlri.chinacnr.bwts.entity.DetectionDetails matches criteria [is assignable to Object]
[DEBUG] 2018-10-07 19:55:34,423 method:org.apache.ibatis.io.ResolverUtil.addIfMatching(ResolverUtil.java:256)
Checking to see if class com.dlri.chinacnr.bwts.entity.DetectionRecord matches criteria [is assignable to Object]
[DEBUG] 2018-10-07 19:55:34,423 method:org.apache.ibatis.io.ResolverUtil.addIfMatching(ResolverUtil.java:256)
Checking to see if class com.dlri.chinacnr.bwts.entity.DynRecord matches criteria [is assignable to Object]
[DEBUG] 2018-10-07 19:55:34,424 method:org.apache.ibatis.io.ResolverUtil.addIfMatching(ResolverUtil.java:256)
Checking to see if class com.dlri.chinacnr.bwts.entity.Page matches criteria [is assignable to Object]
[DEBUG] 2018-10-07 19:55:34,424 method:org.apache.ibatis.io.ResolverUtil.addIfMatching(ResolverUtil.java:256)
Checking to see if class com.dlri.chinacnr.bwts.entity.Protocol matches criteria [is assignable to Object]
[DEBUG] 2018-10-07 19:55:34,424 method:org.apache.ibatis.io.ResolverUtil.addIfMatching(ResolverUtil.java:256)
Checking to see if class com.dlri.chinacnr.bwts.entity.RecordTotal matches criteria [is assignable to Object]
[DEBUG] 2018-10-07 19:55:34,424 method:org.apache.ibatis.io.ResolverUtil.addIfMatching(ResolverUtil.java:256)
Checking to see if class com.dlri.chinacnr.bwts.entity.ScheduleJob matches criteria [is assignable to Object]
[DEBUG] 2018-10-07 19:55:34,425 method:org.apache.ibatis.io.ResolverUtil.addIfMatching(ResolverUtil.java:256)
Checking to see if class com.dlri.chinacnr.bwts.entity.Statistical matches criteria [is assignable to Object]
[DEBUG] 2018-10-07 19:55:34,425 method:org.apache.ibatis.io.ResolverUtil.addIfMatching(ResolverUtil.java:256)
Checking to see if class com.dlri.chinacnr.bwts.entity.User matches criteria [is assignable to Object]
Logging initialized using &apos;class org.apache.ibatis.logging.stdout.StdOutImpl&apos; adapter.
</system-out>
  </testcase>
  <testcase classname="com.dlri.chinacnr.bwts.dao.detectionDetailsDaoTest" name="testInsertBatchDetectionDetails" time="0.054">
    <error message="Type interface com.dlri.chinacnr.bwts.dao.DetectionDetailsDao is not known to the MapperRegistry." type="org.apache.ibatis.binding.BindingException">org.apache.ibatis.binding.BindingException: Type interface com.dlri.chinacnr.bwts.dao.DetectionDetailsDao is not known to the MapperRegistry.
	at org.apache.ibatis.binding.MapperRegistry.getMapper(MapperRegistry.java:47)
	at org.apache.ibatis.session.Configuration.getMapper(Configuration.java:745)
	at org.apache.ibatis.session.defaults.DefaultSqlSession.getMapper(DefaultSqlSession.java:292)
	at com.dlri.chinacnr.bwts.dao.impl.DetectionDetailsDaoImpl.insertBatchDetectionDetails(DetectionDetailsDaoImpl.java:50)
	at com.dlri.chinacnr.bwts.dao.detectionDetailsDaoTest.testInsertBatchDetectionDetails(detectionDetailsDaoTest.java:75)
	at sun.reflect.NativeMethodAccessorImpl.invoke0(Native Method)
	at sun.reflect.NativeMethodAccessorImpl.invoke(NativeMethodAccessorImpl.java:62)
	at sun.reflect.DelegatingMethodAccessorImpl.invoke(DelegatingMethodAccessorImpl.java:43)
	at java.lang.reflect.Method.invoke(Method.java:498)
	at org.junit.runners.model.FrameworkMethod$1.runReflectiveCall(FrameworkMethod.java:50)
	at org.junit.internal.runners.model.ReflectiveCallable.run(ReflectiveCallable.java:12)
	at org.junit.runners.model.FrameworkMethod.invokeExplosively(FrameworkMethod.java:47)
	at org.junit.internal.runners.statements.InvokeMethod.evaluate(InvokeMethod.java:17)
	at org.junit.runners.ParentRunner.runLeaf(ParentRunner.java:325)
	at org.junit.runners.BlockJUnit4ClassRunner.runChild(BlockJUnit4ClassRunner.java:78)
	at org.junit.runners.BlockJUnit4ClassRunner.runChild(BlockJUnit4ClassRunner.java:57)
	at org.junit.runners.ParentRunner$3.run(ParentRunner.java:290)
	at org.junit.runners.ParentRunner$1.schedule(ParentRunner.java:71)
	at org.junit.runners.ParentRunner.runChildren(ParentRunner.java:288)
	at org.junit.runners.ParentRunner.access$000(ParentRunner.java:58)
	at org.junit.runners.ParentRunner$2.evaluate(ParentRunner.java:268)
	at org.junit.runners.ParentRunner.run(ParentRunner.java:363)
	at org.apache.maven.surefire.junit4.JUnit4Provider.execute(JUnit4Provider.java:252)
	at org.apache.maven.surefire.junit4.JUnit4Provider.executeTestSet(JUnit4Provider.java:141)
	at org.apache.maven.surefire.junit4.JUnit4Provider.invoke(JUnit4Provider.java:112)
	at sun.reflect.NativeMethodAccessorImpl.invoke0(Native Method)
	at sun.reflect.NativeMethodAccessorImpl.invoke(NativeMethodAccessorImpl.java:62)
	at sun.reflect.DelegatingMethodAccessorImpl.invoke(DelegatingMethodAccessorImpl.java:43)
	at java.lang.reflect.Method.invoke(Method.java:498)
	at org.apache.maven.surefire.util.ReflectionUtils.invokeMethodWithArray(ReflectionUtils.java:189)
	at org.apache.maven.surefire.booter.ProviderFactory$ProviderProxy.invoke(ProviderFactory.java:165)
	at org.apache.maven.surefire.booter.ProviderFactory.invokeProvider(ProviderFactory.java:85)
	at org.apache.maven.surefire.booter.ForkedBooter.runSuitesInProcess(ForkedBooter.java:115)
	at org.apache.maven.surefire.booter.ForkedBooter.main(ForkedBooter.java:75)
</error>
    <system-out>[DEBUG] 2018-10-07 19:55:34,445 method:org.apache.ibatis.io.DefaultVFS.findJarForResource(DefaultVFS.java:222)
Find JAR URL: file:/F:/workspace/2018/new/bwts-dao/target/classes/com/dlri/chinacnr/bwts/entity
[DEBUG] 2018-10-07 19:55:34,445 method:org.apache.ibatis.io.DefaultVFS.findJarForResource(DefaultVFS.java:248)
Not a JAR: file:/F:/workspace/2018/new/bwts-dao/target/classes/com/dlri/chinacnr/bwts/entity
[DEBUG] 2018-10-07 19:55:34,447 method:org.apache.ibatis.io.DefaultVFS.list(DefaultVFS.java:102)
Reader entry: DetectionDetails.class
[DEBUG] 2018-10-07 19:55:34,448 method:org.apache.ibatis.io.DefaultVFS.list(DefaultVFS.java:102)
Reader entry: DetectionRecord.class
[DEBUG] 2018-10-07 19:55:34,449 method:org.apache.ibatis.io.DefaultVFS.list(DefaultVFS.java:102)
Reader entry: DynRecord.class
[DEBUG] 2018-10-07 19:55:34,450 method:org.apache.ibatis.io.DefaultVFS.list(DefaultVFS.java:102)
Reader entry: Page.class
[DEBUG] 2018-10-07 19:55:34,450 method:org.apache.ibatis.io.DefaultVFS.list(DefaultVFS.java:102)
Reader entry: Protocol.class
[DEBUG] 2018-10-07 19:55:34,451 method:org.apache.ibatis.io.DefaultVFS.list(DefaultVFS.java:102)
Reader entry: RecordTotal.class
[DEBUG] 2018-10-07 19:55:34,452 method:org.apache.ibatis.io.DefaultVFS.list(DefaultVFS.java:102)
Reader entry: ScheduleJob.class
[DEBUG] 2018-10-07 19:55:34,453 method:org.apache.ibatis.io.DefaultVFS.list(DefaultVFS.java:102)
Reader entry: Statistical.class
[DEBUG] 2018-10-07 19:55:34,454 method:org.apache.ibatis.io.DefaultVFS.list(DefaultVFS.java:102)
Reader entry: User.class
[DEBUG] 2018-10-07 19:55:34,454 method:org.apache.ibatis.io.DefaultVFS.list(DefaultVFS.java:113)
Listing file:/F:/workspace/2018/new/bwts-dao/target/classes/com/dlri/chinacnr/bwts/entity
[DEBUG] 2018-10-07 19:55:34,456 method:org.apache.ibatis.io.DefaultVFS.findJarForResource(DefaultVFS.java:222)
Find JAR URL: file:/F:/workspace/2018/new/bwts-dao/target/classes/com/dlri/chinacnr/bwts/entity/DetectionDetails.class
[DEBUG] 2018-10-07 19:55:34,456 method:org.apache.ibatis.io.DefaultVFS.findJarForResource(DefaultVFS.java:248)
Not a JAR: file:/F:/workspace/2018/new/bwts-dao/target/classes/com/dlri/chinacnr/bwts/entity/DetectionDetails.class
[DEBUG] 2018-10-07 19:55:34,457 method:org.apache.ibatis.io.DefaultVFS.list(DefaultVFS.java:102)
Reader entry: 漱壕&amp;#0;&amp;#0;&amp;#0;1&amp;#0;?
[DEBUG] 2018-10-07 19:55:34,458 method:org.apache.ibatis.io.DefaultVFS.findJarForResource(DefaultVFS.java:222)
Find JAR URL: file:/F:/workspace/2018/new/bwts-dao/target/classes/com/dlri/chinacnr/bwts/entity/DetectionRecord.class
[DEBUG] 2018-10-07 19:55:34,459 method:org.apache.ibatis.io.DefaultVFS.findJarForResource(DefaultVFS.java:248)
Not a JAR: file:/F:/workspace/2018/new/bwts-dao/target/classes/com/dlri/chinacnr/bwts/entity/DetectionRecord.class
[DEBUG] 2018-10-07 19:55:34,460 method:org.apache.ibatis.io.DefaultVFS.list(DefaultVFS.java:102)
Reader entry: 漱壕&amp;#0;&amp;#0;&amp;#0;1&amp;#0;?
[DEBUG] 2018-10-07 19:55:34,460 method:org.apache.ibatis.io.DefaultVFS.findJarForResource(DefaultVFS.java:222)
Find JAR URL: file:/F:/workspace/2018/new/bwts-dao/target/classes/com/dlri/chinacnr/bwts/entity/DynRecord.class
[DEBUG] 2018-10-07 19:55:34,461 method:org.apache.ibatis.io.DefaultVFS.findJarForResource(DefaultVFS.java:248)
Not a JAR: file:/F:/workspace/2018/new/bwts-dao/target/classes/com/dlri/chinacnr/bwts/entity/DynRecord.class
[DEBUG] 2018-10-07 19:55:34,462 method:org.apache.ibatis.io.DefaultVFS.list(DefaultVFS.java:102)
Reader entry: 漱壕&amp;#0;&amp;#0;&amp;#0;1&amp;#1;&amp;#4;
[DEBUG] 2018-10-07 19:55:34,462 method:org.apache.ibatis.io.DefaultVFS.findJarForResource(DefaultVFS.java:222)
Find JAR URL: file:/F:/workspace/2018/new/bwts-dao/target/classes/com/dlri/chinacnr/bwts/entity/Page.class
[DEBUG] 2018-10-07 19:55:34,462 method:org.apache.ibatis.io.DefaultVFS.findJarForResource(DefaultVFS.java:248)
Not a JAR: file:/F:/workspace/2018/new/bwts-dao/target/classes/com/dlri/chinacnr/bwts/entity/Page.class
[DEBUG] 2018-10-07 19:55:34,463 method:org.apache.ibatis.io.DefaultVFS.list(DefaultVFS.java:102)
Reader entry: 漱壕&amp;#0;&amp;#0;&amp;#0;1&amp;#0;#
[DEBUG] 2018-10-07 19:55:34,464 method:org.apache.ibatis.io.DefaultVFS.findJarForResource(DefaultVFS.java:222)
Find JAR URL: file:/F:/workspace/2018/new/bwts-dao/target/classes/com/dlri/chinacnr/bwts/entity/Protocol.class
[DEBUG] 2018-10-07 19:55:34,464 method:org.apache.ibatis.io.DefaultVFS.findJarForResource(DefaultVFS.java:248)
Not a JAR: file:/F:/workspace/2018/new/bwts-dao/target/classes/com/dlri/chinacnr/bwts/entity/Protocol.class
[DEBUG] 2018-10-07 19:55:34,465 method:org.apache.ibatis.io.DefaultVFS.list(DefaultVFS.java:102)
Reader entry: 漱壕&amp;#0;&amp;#0;&amp;#0;1&amp;#0;V
[DEBUG] 2018-10-07 19:55:34,466 method:org.apache.ibatis.io.DefaultVFS.findJarForResource(DefaultVFS.java:222)
Find JAR URL: file:/F:/workspace/2018/new/bwts-dao/target/classes/com/dlri/chinacnr/bwts/entity/RecordTotal.class
[DEBUG] 2018-10-07 19:55:34,466 method:org.apache.ibatis.io.DefaultVFS.findJarForResource(DefaultVFS.java:248)
Not a JAR: file:/F:/workspace/2018/new/bwts-dao/target/classes/com/dlri/chinacnr/bwts/entity/RecordTotal.class
[DEBUG] 2018-10-07 19:55:34,467 method:org.apache.ibatis.io.DefaultVFS.list(DefaultVFS.java:102)
Reader entry: 漱壕&amp;#0;&amp;#0;&amp;#0;1&amp;#0;&amp;#29;
[DEBUG] 2018-10-07 19:55:34,468 method:org.apache.ibatis.io.DefaultVFS.findJarForResource(DefaultVFS.java:222)
Find JAR URL: file:/F:/workspace/2018/new/bwts-dao/target/classes/com/dlri/chinacnr/bwts/entity/ScheduleJob.class
[DEBUG] 2018-10-07 19:55:34,469 method:org.apache.ibatis.io.DefaultVFS.findJarForResource(DefaultVFS.java:248)
Not a JAR: file:/F:/workspace/2018/new/bwts-dao/target/classes/com/dlri/chinacnr/bwts/entity/ScheduleJob.class
[DEBUG] 2018-10-07 19:55:34,470 method:org.apache.ibatis.io.DefaultVFS.list(DefaultVFS.java:102)
Reader entry: 漱壕&amp;#0;&amp;#0;&amp;#0;1&amp;#0;J
[DEBUG] 2018-10-07 19:55:34,471 method:org.apache.ibatis.io.DefaultVFS.findJarForResource(DefaultVFS.java:222)
Find JAR URL: file:/F:/workspace/2018/new/bwts-dao/target/classes/com/dlri/chinacnr/bwts/entity/Statistical.class
[DEBUG] 2018-10-07 19:55:34,472 method:org.apache.ibatis.io.DefaultVFS.findJarForResource(DefaultVFS.java:248)
Not a JAR: file:/F:/workspace/2018/new/bwts-dao/target/classes/com/dlri/chinacnr/bwts/entity/Statistical.class
[DEBUG] 2018-10-07 19:55:34,473 method:org.apache.ibatis.io.DefaultVFS.list(DefaultVFS.java:102)
Reader entry: 漱壕&amp;#0;&amp;#0;&amp;#0;1&amp;#0;(
[DEBUG] 2018-10-07 19:55:34,474 method:org.apache.ibatis.io.DefaultVFS.findJarForResource(DefaultVFS.java:222)
Find JAR URL: file:/F:/workspace/2018/new/bwts-dao/target/classes/com/dlri/chinacnr/bwts/entity/User.class
[DEBUG] 2018-10-07 19:55:34,475 method:org.apache.ibatis.io.DefaultVFS.findJarForResource(DefaultVFS.java:248)
Not a JAR: file:/F:/workspace/2018/new/bwts-dao/target/classes/com/dlri/chinacnr/bwts/entity/User.class
[DEBUG] 2018-10-07 19:55:34,476 method:org.apache.ibatis.io.DefaultVFS.list(DefaultVFS.java:102)
Reader entry: 漱壕&amp;#0;&amp;#0;&amp;#0;1&amp;#0;_
[DEBUG] 2018-10-07 19:55:34,477 method:org.apache.ibatis.io.ResolverUtil.addIfMatching(ResolverUtil.java:256)
Checking to see if class com.dlri.chinacnr.bwts.entity.DetectionDetails matches criteria [is assignable to Object]
[DEBUG] 2018-10-07 19:55:34,477 method:org.apache.ibatis.io.ResolverUtil.addIfMatching(ResolverUtil.java:256)
Checking to see if class com.dlri.chinacnr.bwts.entity.DetectionRecord matches criteria [is assignable to Object]
[DEBUG] 2018-10-07 19:55:34,478 method:org.apache.ibatis.io.ResolverUtil.addIfMatching(ResolverUtil.java:256)
Checking to see if class com.dlri.chinacnr.bwts.entity.DynRecord matches criteria [is assignable to Object]
[DEBUG] 2018-10-07 19:55:34,478 method:org.apache.ibatis.io.ResolverUtil.addIfMatching(ResolverUtil.java:256)
Checking to see if class com.dlri.chinacnr.bwts.entity.Page matches criteria [is assignable to Object]
[DEBUG] 2018-10-07 19:55:34,479 method:org.apache.ibatis.io.ResolverUtil.addIfMatching(ResolverUtil.java:256)
Checking to see if class com.dlri.chinacnr.bwts.entity.Protocol matches criteria [is assignable to Object]
[DEBUG] 2018-10-07 19:55:34,479 method:org.apache.ibatis.io.ResolverUtil.addIfMatching(ResolverUtil.java:256)
Checking to see if class com.dlri.chinacnr.bwts.entity.RecordTotal matches criteria [is assignable to Object]
[DEBUG] 2018-10-07 19:55:34,480 method:org.apache.ibatis.io.ResolverUtil.addIfMatching(ResolverUtil.java:256)
Checking to see if class com.dlri.chinacnr.bwts.entity.ScheduleJob matches criteria [is assignable to Object]
[DEBUG] 2018-10-07 19:55:34,480 method:org.apache.ibatis.io.ResolverUtil.addIfMatching(ResolverUtil.java:256)
Checking to see if class com.dlri.chinacnr.bwts.entity.Statistical matches criteria [is assignable to Object]
[DEBUG] 2018-10-07 19:55:34,480 method:org.apache.ibatis.io.ResolverUtil.addIfMatching(ResolverUtil.java:256)
Checking to see if class com.dlri.chinacnr.bwts.entity.User matches criteria [is assignable to Object]
Logging initialized using &apos;class org.apache.ibatis.logging.stdout.StdOutImpl&apos; adapter.
</system-out>
  </testcase>
</testsuite>